\BOOKMARK [0][-]{chapter*.1}{\376\377\000M\036\345\000c\000\040\000l\036\345\000c}{}% 1
\BOOKMARK [0][-]{chapter*.2}{\376\377\000D\000a\000n\000h\000\040\000s\000\341\000c\000h\000\040\000b\000a\000n\000g}{}% 2
\BOOKMARK [0][-]{chapter.1}{\376\377\000G\000i\036\333\000i\000\040\000t\000h\000i\036\307\000u}{}% 3
\BOOKMARK [1][-]{section.1.1}{\376\377\000G\000i\036\333\000i\000\040\000t\000h\000i\036\307\000u}{chapter.1}% 4
\BOOKMARK [2][-]{subsection.1.1.1}{\376\377\000C\000\341\000c\000\040\000h\000o\036\241\000t\000\040\001\021\036\331\000n\000g\000\040\000c\000h\000\355\000n\000h\000\040\000t\000r\000o\000n\000g\000\040\000q\000u\036\243\000n\000\040\000l\000\375\000\040\000k\000h\000o\000:}{section.1.1}% 5
\BOOKMARK [2][-]{subsection.1.1.2}{\376\377\000V\000a\000i\000\040\000t\000r\000\362\000\040\000c\036\347\000a\000\040\000q\000u\036\243\000n\000\040\000l\000\375\000\040\000k\000h\000o}{section.1.1}% 6
\BOOKMARK [1][-]{section.1.2}{\376\377\000K\000h\036\243\000o\000\040\000s\000\341\000t\000\040\000t\000h\036\361\000c\000\040\000t\000r\036\241\000n\000g}{chapter.1}% 7
\BOOKMARK [2][-]{subsection.1.2.1}{\376\377\000C\000\341\000c\000\040\000q\000u\000y\000\040\000m\000\364\000\040\000v\000\340\000\040\000p\000h\036\247\000n\000\040\000m\036\301\000m\000\040\000h\000i\036\307\000n\000\040\000n\000a\000y}{section.1.2}% 8
\BOOKMARK [2][-]{subsection.1.2.2}{\376\377\001\020\036\321\000i\000\040\000t\001\260\036\343\000n\000g\000\040\000h\001\260\036\333\000n\000g\000\040\001\021\036\277\000n}{section.1.2}% 9
\BOOKMARK [2][-]{subsection.1.2.3}{\376\377\000Q\000u\000y\000\040\000t\000r\000\354\000n\000h\000\040\000s\036\355\000\040\000d\036\345\000n\000g}{section.1.2}% 10
\BOOKMARK [2][-]{subsection.1.2.4}{\376\377\000N\000g\000h\000i\036\307\000p\000\040\000v\036\345\000\040\000n\000h\036\255\000p\000\040\000k\000h\000o}{section.1.2}% 11
\BOOKMARK [2][-]{subsection.1.2.5}{\376\377\000N\000g\000h\000i\036\307\000p\000\040\000v\036\345\000\040\000x\000u\036\245\000t\000\040\000k\000h\000o}{section.1.2}% 12
\BOOKMARK [2][-]{subsection.1.2.6}{\376\377\000N\000g\000h\000i\036\307\000p\000\040\000v\036\345\000\040\000l\001\260\000u\000\040\000k\000h\000o}{section.1.2}% 13
\BOOKMARK [2][-]{subsection.1.2.7}{\376\377\000N\000g\000h\000i\036\307\000p\000\040\000v\036\345\000\040\000k\000i\036\303\000m\000\040\000k\000\352\000\040\000k\000h\000o}{section.1.2}% 14
\BOOKMARK [2][-]{subsection.1.2.8}{\376\377\000N\000g\000h\000i\036\307\000p\000\040\000v\036\345\000\040\000b\000\341\000o\000\040\000c\000\341\000o\000\040\000k\000h\000o}{section.1.2}% 15
\BOOKMARK [2][-]{subsection.1.2.9}{\376\377\000N\000g\000h\000i\036\307\000p\000\040\000v\036\345\000\040\000q\000u\036\243\000n\000\040\000l\000\375\000\040\000v\036\313\000\040\000t\000r\000\355\000\040\000k\000h\000o}{section.1.2}% 16
\BOOKMARK [2][-]{subsection.1.2.10}{\376\377\000N\000g\000h\000i\036\307\000p\000\040\000v\036\345\000\040\001\020\036\243\000m\000\040\000b\036\243\000o\000\040\000a\000n\000\040\000t\000o\000\340\000n\000\040\000k\000h\000o}{section.1.2}% 17
\BOOKMARK [1][-]{section.1.3}{\376\377\000T\000\355\000n\000h\000\040\000n\001\003\000n\000g\000\040\000h\036\307\000\040\000t\000h\036\321\000n\000g}{chapter.1}% 18
\BOOKMARK [2][-]{subsection.1.3.1}{\376\377\000M\000o\000d\000u\000l\000e\000\040\000Q\000u\036\243\000n\000\040\000l\000\375\000\040\000N\000h\036\255\000p\000\040\000k\000h\000o}{section.1.3}% 19
\BOOKMARK [2][-]{subsection.1.3.2}{\376\377\000M\000o\000d\000u\000l\000e\000\040\000Q\000u\036\243\000n\000\040\000l\000\375\000\040\000X\000u\036\245\000t\000\040\000k\000h\000o\000\040\000\046\000\040\000L\000u\000\342\000n\000\040\000c\000h\000u\000y\036\303\000n}{section.1.3}% 20
\BOOKMARK [2][-]{subsection.1.3.3}{\376\377\000M\000o\000d\000u\000l\000e\000\040\000Q\000u\036\243\000n\000\040\000l\000\375\000\040\000T\036\323\000n\000\040\000k\000h\000o\000\040\000\046\000\040\000K\000i\036\303\000m\000\040\000k\000\352}{section.1.3}% 21
\BOOKMARK [2][-]{subsection.1.3.4}{\376\377\000M\000o\000d\000u\000l\000e\000\040\000B\000\341\000o\000\040\000c\000\341\000o\000\040\000\046\000\040\000P\000h\000\342\000n\000\040\000t\000\355\000c\000h}{section.1.3}% 22
\BOOKMARK [1][-]{section.1.4}{\376\377\000B\000i\036\303\000u\000\040\000m\036\253\000u\000\040\000v\000\340\000\040\000Q\000u\000y\000\040\001\021\036\313\000n\000h}{chapter.1}% 23
\BOOKMARK [2][-]{subsection.1.4.1}{\376\377\000Q\000u\036\243\000n\000\040\000l\000\375\000\040\000H\036\307\000\040\000t\000h\036\321\000n\000g\000\040\000v\000\340\000\040\000P\000h\000\342\000n\000\040\000q\000u\000y\036\301\000n}{section.1.4}% 24
\BOOKMARK [2][-]{subsection.1.4.2}{\376\377\000N\000g\000h\000i\036\307\000p\000\040\000v\036\345\000\040\000N\000h\036\255\000p\000\040\000k\000h\000o}{section.1.4}% 25
\BOOKMARK [2][-]{subsection.1.4.3}{\376\377\000N\000g\000h\000i\036\307\000p\000\040\000V\036\345\000\040\000X\000u\036\245\000t\000\040\000K\000h\000o}{section.1.4}% 26
\BOOKMARK [2][-]{subsection.1.4.4}{\376\377\000N\000g\000h\000i\036\307\000p\000\040\000v\036\345\000\040\000L\000u\000\342\000n\000\040\000c\000h\000u\000y\036\303\000n\000\040\000K\000h\000o\000\040\000N\036\331\000i\000\040\000b\036\331}{section.1.4}% 27
\BOOKMARK [2][-]{subsection.1.4.5}{\376\377\000N\000g\000h\000i\036\307\000p\000\040\000v\036\345\000\040\000K\000i\036\303\000m\000\040\000k\000\352\000\040\000K\000h\000o}{section.1.4}% 28
\BOOKMARK [2][-]{subsection.1.4.6}{\376\377\000N\000g\000h\000i\036\307\000p\000\040\000v\036\345\000\040\000Q\000u\036\243\000n\000\040\000l\000\375\000\040\000V\036\313\000\040\000t\000r\000\355\000\040\000\046\000\040\000L\001\260\000u\000\040\000k\000h\000o}{section.1.4}% 29
\BOOKMARK [2][-]{subsection.1.4.7}{\376\377\000N\000g\000h\000i\036\307\000p\000\040\000v\036\345\000\040\000B\000\341\000o\000\040\000c\000\341\000o\000\040\000\046\000\040\000P\000h\000\342\000n\000\040\000t\000\355\000c\000h}{section.1.4}% 30
\BOOKMARK [2][-]{subsection.1.4.8}{\376\377\000N\000g\000h\000i\036\307\000p\000\040\000v\036\345\000\040\001\020\036\243\000m\000\040\000b\036\243\000o\000\040\000A\000n\000\040\000t\000o\000\340\000n\000\040\000K\000h\000o}{section.1.4}% 31
\BOOKMARK [0][-]{chapter.2}{\376\377\000S\001\241\000\040\001\021\036\323\000\040\000U\000s\000e\000-\000c\000a\000s\000e}{}% 32
\BOOKMARK [1][-]{section.2.1}{\376\377\000B\000i\036\303\000u\000\040\001\021\036\323\000\040\000u\000s\000e\000-\000c\000a\000s\000e\000\040\000t\036\325\000n\000g\000\040\000q\000u\000a\000n\000\040\000-\000\040\000m\036\351\000c\000\040\0001}{chapter.2}% 33
\BOOKMARK [1][-]{section.2.2}{\376\377\000B\000i\036\303\000u\000\040\001\021\036\323\000\040\000u\000s\000e\000-\000c\000a\000s\000e\000\040\000p\000h\000\342\000n\000\040\000r\000\343\000\040\000-\000\040\000m\036\351\000c\000\040\0002}{chapter.2}% 34
\BOOKMARK [1][-]{section.2.3}{\376\377\000D\000a\000n\000h\000\040\000s\000\341\000c\000h\000\040\000c\000\341\000c\000\040\000A\000c\000t\000o\000r}{chapter.2}% 35
\BOOKMARK [1][-]{section.2.4}{\376\377\000D\000a\000n\000h\000\040\000s\000\341\000c\000h\000\040\000c\000\341\000c\000\040\000U\000s\000e\000-\000c\000a\000s\000e}{chapter.2}% 36
\BOOKMARK [1][-]{section.2.5}{\376\377\001\020\036\267\000c\000\040\000t\036\243\000\040\000U\000s\000e\000\040\000C\000a\000s\000e}{chapter.2}% 37
\BOOKMARK [2][-]{subsection.2.5.1}{\376\377\000U\000C\0000\0001\000\040\000-\000\040\000Q\000u\036\243\000n\000\040\000l\000\375\000\040\000h\036\307\000\040\000t\000h\036\321\000n\000g\000\040\000v\000\340\000\040\000t\000r\000u\000y\000\040\000c\036\255\000p}{section.2.5}% 38
\BOOKMARK [2][-]{subsection.2.5.2}{\376\377\000U\000C\0000\0002\000\040\000-\000\040\000Q\000u\036\243\000n\000\040\000l\000\375\000\040\000d\036\357\000\040\000l\000i\036\307\000u\000\040\000c\000h\036\347}{section.2.5}% 39
\BOOKMARK [2][-]{subsection.2.5.3}{\376\377\000U\000C\0000\0003\000\040\000-\000\040\000Q\000u\036\243\000n\000\040\000l\000\375\000\040\000n\000h\000\340\000\040\000c\000u\000n\000g\000\040\000c\036\245\000p}{section.2.5}% 40
\BOOKMARK [2][-]{subsection.2.5.4}{\376\377\000U\000C\0000\0004\000\040\000-\000\040\000Q\000u\036\243\000n\000\040\000l\000\375\000\040\001\021\001\241\000n\000\040\001\021\036\267\000t\000\040\000h\000\340\000n\000g}{section.2.5}% 41
\BOOKMARK [2][-]{subsection.2.5.5}{\376\377\000U\000C\0000\0005\000\040\000-\000\040\000N\000g\000h\000i\036\307\000p\000\040\000v\036\345\000\040\000n\000h\036\255\000n\000\040\000h\000\340\000n\000g}{section.2.5}% 42
\BOOKMARK [2][-]{subsection.2.5.6}{\376\377\000U\000C\0000\0006\000\040\000-\000\040\000N\000g\000h\000i\036\307\000p\000\040\000v\036\345\000\040\000x\000u\036\245\000t\000\040\000h\000\340\000n\000g}{section.2.5}% 43
\BOOKMARK [2][-]{subsection.2.5.7}{\376\377\000U\000C\0000\0007\000\040\000-\000\040\000Q\000u\036\243\000n\000\040\000l\000\375\000\040\000t\036\323\000n\000\040\000k\000h\000o\000\040\000v\000\340\000\040\000k\000i\036\303\000m\000\040\000k\000\352}{section.2.5}% 44
\BOOKMARK [2][-]{subsection.2.5.8}{\376\377\000U\000C\0000\0008\000\040\000-\000\040\000Q\000u\036\243\000n\000\040\000l\000\375\000\040\000t\000r\036\243\000\040\000h\000\340\000n\000g\000\040\000n\000h\000\340\000\040\000c\000u\000n\000g\000\040\000c\036\245\000p}{section.2.5}% 45
\BOOKMARK [2][-]{subsection.2.5.9}{\376\377\000U\000C\0000\0009\000\040\000-\000\040\000Q\000u\036\243\000n\000\040\000l\000\375\000\040\000c\000h\000u\000y\036\303\000n\000\040\000k\000h\000o\000\040\000n\036\331\000i\000\040\000b\036\331}{section.2.5}% 46
\BOOKMARK [2][-]{subsection.2.5.10}{\376\377\000U\000C\0001\0000\000\040\000-\000\040\000B\000\341\000o\000\040\000c\000\341\000o\000\040\000v\000\340\000\040\000p\000h\000\342\000n\000\040\000t\000\355\000c\000h}{section.2.5}% 47
\BOOKMARK [2][-]{subsection.2.5.11}{\376\377\000U\000C\0001\0001\000\040\000-\000\040\000T\000h\000\364\000n\000g\000\040\000b\000\341\000o\000\040\000v\000\340\000\040\000c\036\243\000n\000h\000\040\000b\000\341\000o}{section.2.5}% 48
\BOOKMARK [0][-]{chapter.3}{\376\377\000T\000h\000i\036\277\000t\000\040\000k\036\277}{}% 49
\BOOKMARK [1][-]{section.3.1}{\376\377\000T\000h\000i\036\277\000t\000\040\000k\036\277\000\040\000g\000i\000a\000o\000\040\000d\000i\036\307\000n}{chapter.3}% 50
\BOOKMARK [2][-]{subsection.3.1.1}{\376\377\000S\001\241\000\040\001\021\036\323\000\040\000l\000i\000\352\000n\000\040\000k\036\277\000t\000\040\000c\000\341\000c\000\040\000g\000i\000a\000o\000\040\000d\000i\036\307\000n}{section.3.1}% 51
\BOOKMARK [2][-]{subsection.3.1.2}{\376\377\000T\000h\000i\036\277\000t\000\040\000k\036\277\000\040\000g\000i\000a\000o\000\040\000d\000i\036\307\000n\000\040\001\021\001\003\000n\000g\000\040\000n\000h\036\255\000p}{section.3.1}% 52
\BOOKMARK [2][-]{subsection.3.1.3}{\376\377\000T\000h\000i\036\277\000t\000\040\000k\036\277\000\040\000g\000i\000a\000o\000\040\000d\000i\036\307\000n\000\040\000q\000u\036\243\000n\000\040\000l\000\375\000\040\000k\000h\000o}{section.3.1}% 53
\BOOKMARK [1][-]{section.3.2}{\376\377\000T\000h\000i\036\277\000t\000\040\000k\036\277\000\040\000c\001\241\000\040\000s\036\337\000\040\000d\036\357\000\040\000l\000i\036\307\000u}{chapter.3}% 54
\BOOKMARK [2][-]{subsection.3.2.1}{\376\377\000S\001\241\000\040\001\021\036\323\000\040\000c\001\241\000\040\000s\036\337\000\040\000d\036\357\000\040\000l\000i\036\307\000u\000\040\000t\036\325\000n\000g\000\040\000q\000u\000\341\000t}{section.3.2}% 55
\BOOKMARK [2][-]{subsection.3.2.2}{\376\377\000B\036\243\000n\000g\000\040\000c\001\241\000\040\000s\036\337\000\040\000d\036\357\000\040\000l\000i\036\307\000u\000\040\000c\000h\000i\000\040\000t\000i\036\277\000t}{section.3.2}% 56
\BOOKMARK [1][-]{section.3.3}{\376\377\000T\000h\000i\036\277\000t\000\040\000k\036\277\000\040\000l\036\333\000p}{chapter.3}% 57
\BOOKMARK [2][-]{subsection.3.3.1}{\376\377\000S\001\241\000\040\001\021\036\323\000\040\000l\036\333\000p\000\040\000t\036\325\000n\000g\000\040\000q\000u\000\341\000t}{section.3.3}% 58
\BOOKMARK [2][-]{subsection.3.3.2}{\376\377\000M\000\364\000\040\000t\036\243\000\040\000c\000\341\000c\000\040\000l\036\333\000p\000\040\000c\000h\000\355\000n\000h}{section.3.3}% 59
\BOOKMARK [2][-]{subsection.3.3.3}{\376\377\001\020\036\267\000c\000\040\000t\036\243\000\040\000c\000h\000i\000\040\000t\000i\036\277\000t\000\040\000c\000\341\000c\000\040\000l\036\333\000p}{section.3.3}% 60
\BOOKMARK [2][-]{subsection.3.3.4}{\376\377\000O\000r\000g\000a\000n\000i\000z\000a\000t\000i\000o\000n}{section.3.3}% 61
\BOOKMARK [2][-]{subsection.3.3.5}{\376\377\000B\000r\000a\000n\000c\000h}{section.3.3}% 62
\BOOKMARK [2][-]{subsection.3.3.6}{\376\377\000P\000r\000o\000d\000u\000c\000t}{section.3.3}% 63
\BOOKMARK [2][-]{subsection.3.3.7}{\376\377\000P\000r\000o\000d\000u\000c\000t\000V\000a\000r\000i\000a\000n\000t}{section.3.3}% 64
\BOOKMARK [2][-]{subsection.3.3.8}{\376\377\000C\000a\000t\000e\000g\000o\000r\000y}{section.3.3}% 65
\BOOKMARK [2][-]{subsection.3.3.9}{\376\377\000B\000r\000a\000n\000d}{section.3.3}% 66
\BOOKMARK [2][-]{subsection.3.3.10}{\376\377\000S\000u\000p\000p\000l\000i\000e\000r}{section.3.3}% 67
\BOOKMARK [2][-]{subsection.3.3.11}{\376\377\000P\000u\000r\000c\000h\000a\000s\000e\000O\000r\000d\000e\000r}{section.3.3}% 68
\BOOKMARK [2][-]{subsection.3.3.12}{\376\377\000P\000u\000r\000c\000h\000a\000s\000e\000O\000r\000d\000e\000r\000I\000t\000e\000m}{section.3.3}% 69
\BOOKMARK [2][-]{subsection.3.3.13}{\376\377\000T\000r\000a\000n\000s\000f\000e\000r\000O\000r\000d\000e\000r}{section.3.3}% 70
\BOOKMARK [2][-]{subsection.3.3.14}{\376\377\000T\000r\000a\000n\000s\000f\000e\000r\000O\000r\000d\000e\000r\000I\000t\000e\000m}{section.3.3}% 71
\BOOKMARK [2][-]{subsection.3.3.15}{\376\377\000S\000t\000o\000r\000a\000g\000e\000Z\000o\000n\000e}{section.3.3}% 72
\BOOKMARK [2][-]{subsection.3.3.16}{\376\377\000I\000n\000v\000e\000n\000t\000o\000r\000y\000B\000a\000t\000c\000h}{section.3.3}% 73
\BOOKMARK [2][-]{subsection.3.3.17}{\376\377\000I\000n\000v\000e\000n\000t\000o\000r\000y\000T\000r\000a\000n\000s\000a\000c\000t\000i\000o\000n}{section.3.3}% 74
\BOOKMARK [2][-]{subsection.3.3.18}{\376\377\000U\000s\000e\000r}{section.3.3}% 75
\BOOKMARK [2][-]{subsection.3.3.19}{\376\377\000R\000o\000l\000e}{section.3.3}% 76
\BOOKMARK [2][-]{subsection.3.3.20}{\376\377\000P\000e\000r\000m\000i\000s\000s\000i\000o\000n}{section.3.3}% 77
\BOOKMARK [2][-]{subsection.3.3.21}{\376\377\000A\000u\000d\000i\000t\000L\000o\000g}{section.3.3}% 78
\BOOKMARK [2][-]{subsection.3.3.22}{\376\377\000C\000\341\000c\000\040\000k\000i\036\303\000u\000\040\000l\000i\036\307\000t\000\040\000k\000\352\000\040\000\050\000E\000n\000u\000m\000e\000r\000a\000t\000i\000o\000n\000\040\000T\000y\000p\000e\000s\000\051}{section.3.3}% 79
\BOOKMARK [2][-]{subsection.3.3.23}{\376\377\000P\000u\000r\000c\000h\000a\000s\000e\000O\000r\000d\000e\000r\000S\000t\000a\000t\000u\000s}{section.3.3}% 80
\BOOKMARK [2][-]{subsection.3.3.24}{\376\377\000T\000r\000a\000n\000s\000f\000e\000r\000S\000t\000a\000t\000u\000s}{section.3.3}% 81
\BOOKMARK [2][-]{subsection.3.3.25}{\376\377\000B\000a\000t\000c\000h\000S\000t\000a\000t\000u\000s}{section.3.3}% 82
\BOOKMARK [2][-]{subsection.3.3.26}{\376\377\000T\000r\000a\000n\000s\000a\000c\000t\000i\000o\000n\000T\000y\000p\000e}{section.3.3}% 83
\BOOKMARK [2][-]{subsection.3.3.27}{\376\377\000Z\000o\000n\000e\000T\000y\000p\000e}{section.3.3}% 84
\BOOKMARK [2][-]{subsection.3.3.28}{\376\377\000S\000t\000o\000r\000a\000g\000e\000R\000e\000q\000u\000i\000r\000e\000m\000e\000n\000t}{section.3.3}% 85
\BOOKMARK [2][-]{subsection.3.3.29}{\376\377\000U\000n\000i\000t\000O\000f\000M\000e\000a\000s\000u\000r\000e}{section.3.3}% 86
\BOOKMARK [2][-]{subsection.3.3.30}{\376\377\000A\000c\000t\000i\000o\000n\000T\000y\000p\000e}{section.3.3}% 87
\BOOKMARK [1][-]{section.3.4}{\376\377\000T\000h\000i\036\277\000t\000\040\000k\036\277\000\040\000k\000i\036\277\000n\000\040\000t\000r\000\372\000c}{chapter.3}% 88
\BOOKMARK [2][-]{subsection.3.4.1}{\376\377\000M\000\364\000\040\000h\000\354\000n\000h\000\040\000k\000i\036\277\000n\000\040\000t\000r\000\372\000c\000\040\000t\036\325\000n\000g\000\040\000q\000u\000a\000n}{section.3.4}% 89
\BOOKMARK [2][-]{subsection.3.4.2}{\376\377\001\020\036\267\000c\000\040\001\021\000i\036\303\000m\000\040\000k\000i\036\277\000n\000\040\000t\000r\000\372\000c}{section.3.4}% 90
\BOOKMARK [0][-]{chapter.4}{\376\377\000X\000\342\000y\000\040\000d\036\361\000n\000g\000\040\000v\000\340\000\040\000t\000r\000i\036\303\000n\000\040\000k\000h\000a\000i\000\040\036\351\000n\000g\000\040\000d\036\345\000n\000g}{}% 91
\BOOKMARK [1][-]{section.4.1}{\376\377\000T\036\325\000n\000g\000\040\000q\000u\000a\000n\000\040\000c\000\364\000n\000g\000\040\000n\000g\000h\036\307}{chapter.4}% 92
\BOOKMARK [2][-]{subsection.4.1.1}{\376\377\000F\000r\000o\000n\000t\000e\000n\000d}{section.4.1}% 93
\BOOKMARK [2][-]{subsection.4.1.2}{\376\377\000B\000a\000c\000k\000e\000n\000d}{section.4.1}% 94
\BOOKMARK [2][-]{subsection.4.1.3}{\376\377\000D\000a\000t\000a\000b\000a\000s\000e}{section.4.1}% 95
\BOOKMARK [2][-]{subsection.4.1.4}{\376\377\000C\000\364\000n\000g\000\040\000c\036\345\000\040\000p\000h\000\341\000t\000\040\000t\000r\000i\036\303\000n}{section.4.1}% 96
\BOOKMARK [1][-]{section.4.2}{\376\377\000S\001\241\000\040\001\021\036\323\000\040\000t\000h\000\340\000n\000h\000\040\000p\000h\036\247\000n}{chapter.4}% 97
\BOOKMARK [2][-]{subsection.4.2.1}{\376\377\000C\000\341\000c\000\040\000t\000h\000\340\000n\000h\000\040\000p\000h\036\247\000n\000\040\000c\000h\000\355\000n\000h}{section.4.2}% 98
\BOOKMARK [2][-]{subsection.4.2.2}{\376\377\000G\000i\000a\000o\000\040\000t\000i\036\277\000p\000\040\000g\000i\036\357\000a\000\040\000c\000\341\000c\000\040\000t\000h\000\340\000n\000h\000\040\000p\000h\036\247\000n}{section.4.2}% 99
\BOOKMARK [1][-]{section.4.3}{\376\377\000S\001\241\000\040\001\021\036\323\000\040\000t\000r\000i\036\303\000n\000\040\000k\000h\000a\000i}{chapter.4}% 100
\BOOKMARK [2][-]{subsection.4.3.1}{\376\377\000M\000\364\000i\000\040\000t\000r\001\260\036\335\000n\000g\000\040\000t\000r\000i\036\303\000n\000\040\000k\000h\000a\000i}{section.4.3}% 101
\BOOKMARK [2][-]{subsection.4.3.2}{\376\377\000K\036\277\000t\000\040\000n\036\321\000i\000\040\000m\036\241\000n\000g}{section.4.3}% 102
\BOOKMARK [2][-]{subsection.4.3.3}{\376\377\000C\000h\000i\036\277\000n\000\040\000l\001\260\036\343\000c\000\040\000t\000r\000i\036\303\000n\000\040\000k\000h\000a\000i}{section.4.3}% 103
\BOOKMARK [1][-]{section.4.4}{\376\377\000B\036\243\000n\000g\000\040\000p\000h\000\342\000n\000\040\000c\000\364\000n\000g\000\040\000c\000\364\000n\000g\000\040\000v\000i\036\307\000c}{chapter.4}% 104
\BOOKMARK [2][-]{subsection.4.4.1}{\376\377\000C\000h\000i\000\040\000t\000i\036\277\000t\000\040\000p\000h\000\342\000n\000\040\000c\000\364\000n\000g\000\040\000t\000h\000e\000o\000\040\000g\000i\000a\000i\000\040\001\021\000o\036\241\000n}{section.4.4}% 105
\BOOKMARK [0][-]{chapter.5}{\376\377\000T\036\325\000n\000g\000\040\000k\036\277\000t}{}% 106
\BOOKMARK [1][-]{section.5.1}{\376\377\000K\036\277\000t\000\040\000q\000u\036\243\000\040\001\021\036\241\000t\000\040\001\021\001\260\036\343\000c}{chapter.5}% 107
\BOOKMARK [2][-]{subsection.5.1.1}{\376\377\000T\036\325\000n\000g\000\040\000q\000u\000a\000n\000\040\000k\036\277\000t\000\040\000q\000u\036\243}{section.5.1}% 108
\BOOKMARK [2][-]{subsection.5.1.2}{\376\377\000C\000\341\000c\000\040\000t\000h\000\340\000n\000h\000\040\000q\000u\036\243\000\040\000n\036\325\000i\000\040\000b\036\255\000t}{section.5.1}% 109
\BOOKMARK [2][-]{subsection.5.1.3}{\376\377\000T\000h\000\364\000n\000g\000\040\000t\000i\000n\000\040\000t\000r\000i\036\303\000n\000\040\000k\000h\000a\000i}{section.5.1}% 110
\BOOKMARK [1][-]{section.5.2}{\376\377\001\257\000u\000\040\000v\000\340\000\040\000k\000h\000u\000y\036\277\000t\000\040\001\021\000i\036\303\000m\000\040\000c\036\347\000a\000\040\000p\000h\036\247\000n\000\040\000m\036\301\000m}{chapter.5}% 111
\BOOKMARK [2][-]{subsection.5.2.1}{\376\377\001\257\000u\000\040\001\021\000i\036\303\000m}{section.5.2}% 112
\BOOKMARK [2][-]{subsection.5.2.2}{\376\377\000K\000h\000u\000y\036\277\000t\000\040\001\021\000i\036\303\000m}{section.5.2}% 113
\BOOKMARK [1][-]{section.5.3}{\376\377\000H\001\260\036\333\000n\000g\000\040\000p\000h\000\341\000t\000\040\000t\000r\000i\036\303\000n}{chapter.5}% 114
\BOOKMARK [2][-]{subsection.5.3.1}{\376\377\000N\000g\036\257\000n\000\040\000h\036\241\000n\000\040\000\050\0003\000-\0006\000\040\000t\000h\000\341\000n\000g\000\051}{section.5.3}% 115
\BOOKMARK [2][-]{subsection.5.3.2}{\376\377\000T\000r\000u\000n\000g\000\040\000h\036\241\000n\000\040\000\050\0006\000-\0001\0002\000\040\000t\000h\000\341\000n\000g\000\051}{section.5.3}% 116
\BOOKMARK [2][-]{subsection.5.3.3}{\376\377\000D\000\340\000i\000\040\000h\036\241\000n\000\040\000\050\0001\000-\0002\000\040\000n\001\003\000m\000\051}{section.5.3}% 117
\BOOKMARK [2][-]{subsection.5.3.4}{\376\377\000K\036\277\000t\000\040\000l\000u\036\255\000n}{section.5.3}% 118
