This is pdfTeX, Version 3.141592653-2.6-1.40.27 (MiKTeX 25.4) (preloaded format=pdflatex 2025.11.5)  11 NOV 2025 18:36
entering extended mode
 restricted \write18 enabled.
 file:line:error style messages enabled.
 %&-line parsing enabled.
**c:/UIT/HK5/SE100/SE100-docs/workspace/nhan/Chapter4_ClassDiagram/chapter4.tex
(c:/UIT/HK5/SE100/SE100-docs/workspace/nhan/Chapter4_ClassDiagram/chapter4.tex
LaTeX2e <2025-06-01> patch level 1
L3 programming layer <2025-10-09>
(C:\Users\Admin\AppData\Roaming\MiKTeX\tex/latex/subfiles\subfiles.cls
Document Class: subfiles 2020/11/14 v2.2 Multi-file projects (class)
Preamble taken from file `../../main.tex'
(C:\Users\Admin\AppData\Roaming\MiKTeX\tex/latex/import\import.sty
Package: import 2020/04/01  v 6.2
) (c:/UIT\HK5\SE100\SE100-docs\main.tex (c:/UIT\HK5\SE100\SE100-docs\se100doc.cls

LaTeX Warning: You have requested document class `../../se100doc',
               but the document class provides `se100doc'.

Document Class: se100doc 
(C:\Users\Admin\AppData\Roaming\MiKTeX\tex/latex/memoir\memoir.cls
Document Class: memoir 2025/10/02 v3.8.4 configurable book, report, article document class
(C:\Users\Admin\AppData\Roaming\MiKTeX\tex/latex/xpatch\xpatch.sty (C:\Program Files\MiKTeX\tex/latex/l3kernel\expl3.sty
Package: expl3 2025-10-09 L3 programming layer (loader) 
 (C:\Program Files\MiKTeX\tex/latex/l3backend\l3backend-pdftex.def
File: l3backend-pdftex.def 2025-10-09 L3 backend support: PDF output (pdfTeX)
\l__color_backend_stack_int=\count275
))
Package: xpatch 2020/03/25 v0.3a Extending etoolbox patching commands
 (C:\Program Files\MiKTeX\tex/latex/l3packages/xparse\xparse.sty
Package: xparse 2025-10-09 L3 Experimental document command parser
) (C:\Program Files\MiKTeX\tex/latex/etoolbox\etoolbox.sty
Package: etoolbox 2025/10/02 v2.5m e-TeX tools for LaTeX (JAW)
\etb@tempcnta=\count276
))
\onelineskip=\skip49
\lxvchars=\skip50
\xlvchars=\skip51
\@memcnta=\count277
\c@@memmarkcntra=\count278
 (C:\Program Files\MiKTeX\tex/generic/iftex\iftex.sty
Package: iftex 2024/12/12 v1.0g TeX engine tests
)
\trimtop=\skip52
\trimedge=\skip53
 (C:\Users\Admin\AppData\Roaming\MiKTeX\tex/latex/memoir\mem14.clo
File: mem14.clo 2022/07/29 v0.5 memoir class 14pt size option
)
\binding=\skip54
\spinemargin=\skip55
\foremargin=\skip56
\uppermargin=\skip57
\lowermargin=\skip58
\headdrop=\skip59
\normalrulethickness=\skip60
\mem@maxheadheight=\skip61
\mem@maxfootheight=\skip62
\headwidth=\skip63
\c@storedpagenumber=\count279
\memPD=\dimen148
\m@mabparskip=\skip64
\thanksmarkwidth=\skip65
\thanksmarksep=\skip66
\droptitle=\skip67
\c@book=\count280
\c@part=\count281
\c@chapter=\count282
\c@section=\count283
\c@subsection=\count284
\c@subsubsection=\count285
\c@paragraph=\count286
\c@subparagraph=\count287
\beforechapskip=\skip68
\midchapskip=\skip69
\afterchapskip=\skip70
\chapindent=\skip71
\bottomsectionskip=\skip72
\secindent=\skip73
\beforesecskip=\skip74
\aftersecskip=\skip75
\subsecindent=\skip76
\beforesubsecskip=\skip77
\aftersubsecskip=\skip78
\subsubsecindent=\skip79
\beforesubsubsecskip=\skip80
\aftersubsubsecskip=\skip81
\paraindent=\skip82
\beforeparaskip=\skip83
\afterparaskip=\skip84
\subparaindent=\skip85
\beforesubparaskip=\skip86
\aftersubparaskip=\skip87
\pfbreakskip=\skip88
\c@@ppsavesec=\count288
\c@@ppsaveapp=\count289
\ragrparindent=\dimen149
\everylistparindent=\dimen150
\parsepi=\skip89
\topsepi=\skip90
\itemsepi=\skip91
\parsepii=\skip92
\topsepii=\skip93
\topsepiii=\skip94
\itemsepii=\skip95
\itemsepiii=\skip96
\partopsepii=\skip97
\partopsepiii=\skip98
\m@msavetopsep=\skip99
\m@msavepartopsep=\skip100
\@enLab=\toks17
\abstitleskip=\skip101
\absleftindent=\skip102
\abs@leftindent=\dimen151
\absrightindent=\skip103
\absparindent=\skip104
\absparsep=\skip105
\c@vslineno=\count290
\c@poemline=\count291
\c@modulo@vs=\count292
\c@memfvsline=\count293
\vleftskip=\skip106
\vrightskip=\skip107
\stanzaskip=\skip108
\versewidth=\skip109
\vgap=\skip110
\vindent=\skip111
\vleftmargin=\dimen152
\c@verse=\count294
\c@chrsinstr=\count295
\beforepoemtitleskip=\skip112
\afterpoemtitleskip=\skip113
\c@poem=\count296
\beforePoemTitleskip=\skip114
\midPoemTitleskip=\skip115
\afterPoemTitleskip=\skip116
 (C:\Program Files\MiKTeX\tex/latex/tools\array.sty
Package: array 2025/06/08 v2.6j Tabular extension package (FMi)
\col@sep=\dimen153
\ar@mcellbox=\box53
\extrarowheight=\dimen154
\NC@list=\toks18
\extratabsurround=\skip117
\backup@length=\skip118
\ar@cellbox=\box54
) (C:\Program Files\MiKTeX\tex/latex/tools\dcolumn.sty
Package: dcolumn 2023/07/08 v1.06 decimal alignment package (DPC)
) (C:\Program Files\MiKTeX\tex/latex/tools\delarray.sty
Package: delarray 2014/10/28 v1.01 array delimiter package (DPC)
) (C:\Program Files\MiKTeX\tex/latex/tools\tabularx.sty
Package: tabularx 2023/12/11 v2.12a `tabularx' package (DPC)
\TX@col@width=\dimen155
\TX@old@table=\dimen156
\TX@old@col=\dimen157
\TX@target=\dimen158
\TX@delta=\dimen159
\TX@cols=\count297
\TX@ftn=\toks19
) (C:\Users\Admin\AppData\Roaming\MiKTeX\tex/latex/booktabs\booktabs.sty
Package: booktabs 2020/01/12 v1.61803398 Publication quality tables
\heavyrulewidth=\dimen160
\lightrulewidth=\dimen161
\cmidrulewidth=\dimen162
\belowrulesep=\dimen163
\belowbottomsep=\dimen164
\aboverulesep=\dimen165
\abovetopsep=\dimen166
\cmidrulesep=\dimen167
\cmidrulekern=\dimen168
\defaultaddspace=\dimen169
\@cmidla=\count298
\@cmidlb=\count299
\@aboverulesep=\dimen170
\@belowrulesep=\dimen171
\@thisruleclass=\count300
\@lastruleclass=\count301
\@thisrulewidth=\dimen172
)
\ctableftskip=\skip119
\ctabrightskip=\skip120
\abovecolumnspenalty=\count302
\@linestogo=\count303
\@cellstogo=\count304
\@cellsincolumn=\count305
\crtok=\toks20
\@mincolumnwidth=\dimen173
\c@newflo@tctr=\count306
\mem@margin@floatbox=\box55
\@contcwidth=\skip121
\@contindw=\skip122
\abovecaptionskip=\skip123
\belowcaptionskip=\skip124
\subfloattopskip=\skip125
\subfloatcapskip=\skip126
\subfloatcaptopadj=\skip127
\subfloatbottomskip=\skip128
\subfloatlabelskip=\skip129
\subfloatcapmargin=\dimen174
\c@@contsubnum=\count307
\m@mscap@capbox=\box56
\m@mscap@fbox=\box57
\sidecapsep=\dimen175
\sidecapwidth=\dimen176
\m@m@tempdima=\dimen177
\m@mscapraise=\dimen178
\sidecapraise=\dimen179
\m@mscapmainwidth=\dimen180
\m@mscaplkern=\dimen181
\beforeepigraphskip=\skip130
\afterepigraphskip=\skip131
\epigraphwidth=\skip132
\epigraphrule=\skip133
 (C:\Program Files\MiKTeX\tex/latex/hyperref\nameref.sty
Package: nameref 2025-06-21 v2.57 Cross-referencing by name of section
 (C:\Users\Admin\AppData\Roaming\MiKTeX\tex/latex/refcount\refcount.sty
Package: refcount 2019/12/15 v3.6 Data extraction from label references (HO)
 (C:\Users\Admin\AppData\Roaming\MiKTeX\tex/generic/ltxcmds\ltxcmds.sty
Package: ltxcmds 2023-12-04 v1.26 LaTeX kernel commands for general use (HO)
) (C:\Users\Admin\AppData\Roaming\MiKTeX\tex/generic/infwarerr\infwarerr.sty
Package: infwarerr 2019/12/03 v1.5 Providing info/warning/error messages (HO)
)) (C:\Users\Admin\AppData\Roaming\MiKTeX\tex/generic/gettitlestring\gettitlestring.sty
Package: gettitlestring 2019/12/15 v1.6 Cleanup title references (HO)
 (C:\Users\Admin\AppData\Roaming\MiKTeX\tex/latex/kvoptions\kvoptions.sty
Package: kvoptions 2022-06-15 v3.15 Key value format for package options (HO)
 (C:\Program Files\MiKTeX\tex/latex/graphics\keyval.sty
Package: keyval 2022/05/29 v1.15 key=value parser (DPC)
\KV@toks@=\toks21
) (C:\Users\Admin\AppData\Roaming\MiKTeX\tex/latex/kvsetkeys\kvsetkeys.sty
Package: kvsetkeys 2022-10-05 v1.19 Key value parser (HO)
)))
\c@section@level=\count308
)
\tocentryskip=\skip134
\tocbaseline=\skip135
\cftparskip=\skip136
\cftbeforebookskip=\skip137
\cftbookindent=\dimen182
\cftbooknumwidth=\dimen183
\cftbeforepartskip=\skip138
\cftpartindent=\skip139
\cftpartnumwidth=\skip140
\cftbeforechapterskip=\skip141
\cftchapterindent=\skip142
\cftchapternumwidth=\skip143
\cftbeforesectionskip=\skip144
\cftsectionindent=\skip145
\cftsectionnumwidth=\skip146
\cftbeforesubsectionskip=\skip147
\cftsubsectionindent=\skip148
\cftsubsectionnumwidth=\skip149
\cftbeforesubsubsectionskip=\skip150
\cftsubsubsectionindent=\skip151
\cftsubsubsectionnumwidth=\skip152
\cftbeforeparagraphskip=\skip153
\cftparagraphindent=\skip154
\cftparagraphnumwidth=\skip155
\cftbeforesubparagraphskip=\skip156
\cftsubparagraphindent=\skip157
\cftsubparagraphnumwidth=\skip158
\prechapterprecisshift=\dimen184
\c@maxsecnumdepth=\count309
\bibindent=\dimen185
\bibitemsep=\skip159
\indexcolsep=\skip160
\indexrule=\skip161
\indexmarkstyle=\toks22
\@indexbox=\insert252
LaTeX Info: Redefining \raggedbottom on input line 8095.
LaTeX Info: Redefining \flushbottom on input line 8099.
\glossarycolsep=\dimen186
\glossaryrule=\dimen187
\sideparvshift=\skip162
\sideins=\insert251
\sidebartopsep=\skip163
\sidebarhsep=\skip164
\sidebarvsep=\skip165
\sidebarwidth=\skip166
\footmarkwidth=\skip167
\footmarksep=\skip168
\footparindent=\skip169
\footinsdim=\skip170
\footinsv@r=\insert250
\@mpfootinsv@r=\insert249
\m@m@k=\count310
\m@m@h=\dimen188
\m@mipn@skip=\skip171
\sidefootins=\insert248
\sidefootadjust=\skip172
\sidefootheight=\skip173
\sidefoothsep=\skip174
\sidefootvsep=\skip175
\sidefootwidth=\skip176
\m@mdownsf=\skip177
\c@sidefootnote=\count311
\sidefootmarkwidth=\skip178
\sidefootmarksep=\skip179
\sidefootparindent=\skip180
\c@pagenote=\count312
\c@pagenoteshadow=\count313
\mem@pn@lastkern=\skip181
 (C:\Program Files\MiKTeX\tex/latex/tools\verbatim.sty
Package: verbatim 2024-01-22 v1.5x LaTeX2e package for verbatim enhancements
\every@verbatim=\toks23
\verbatim@line=\toks24
\verbatim@in@stream=\read2
)
\verbatimindent=\skip182
\verbatim@out=\write3
 (C:\Program Files\MiKTeX\tex/latex/base\shortvrb.sty
Package: shortvrb 2024/12/25 v3.0q Standard LaTeX documentation package V3 (FMi)
)
\bvboxsep=\skip183
\c@memfbvline=\count314
\c@bvlinectr=\count315
\bvnumlength=\skip184
\fb@frw=\dimen189
\fb@frh=\dimen190
\FrameRule=\dimen191
\FrameSep=\dimen192
\c@cp@cntr=\count316
\c@ism@mctr=\count317
\c@xsm@mctr=\count318
\c@csm@mctr=\count319
\c@ksm@mctr=\count320
\c@xksm@mctr=\count321
\c@cksm@mctr=\count322
\c@msm@mctr=\count323
\c@xmsm@mctr=\count324
\c@cmsm@mctr=\count325
\c@bsm@mctr=\count326
\c@workm@mctr=\count327
\c@sheetsequence=\count328
\c@lastsheet=\count329
\c@lastpage=\count330
\c@figure=\count331
\c@lofdepth=\count332
\cftbeforefigureskip=\skip185
\cftfigureindent=\skip186
\cftfigurenumwidth=\skip187
\c@table=\count333
\c@lotdepth=\count334
\cftbeforetableskip=\skip188
\cfttableindent=\skip189
\cfttablenumwidth=\skip190
Package abstract [2008/07/23] emulated by memoir.
Package appendix [2008/07/23] emulated by memoir.
Package ccaption [2008/07/23] emulated by memoir.
Package changepage [2008/07/23] emulated by memoir.
Package chngcntr [2008/07/23] emulated by memoir.
Package chngpage [2008/07/23] emulated by memoir.
Package crop emulated by memoir.
Package enumerate [2008/07/23] emulated by memoir.
Package epigraph [2008/07/23] emulated by memoir.
Package ifmtarg [2008/07/23] emulated by memoir.
Package index [2008/07/23] emulated by memoir.
Package makeidx [2008/07/23] emulated by memoir.
Package moreverb [2008/07/23] emulated by memoir.
Package needspace [2008/07/23] emulated by memoir.
Package newfile [2008/07/23] emulated by memoir.
Package nextpage [2008/07/23] emulated by memoir.
Package pagenote [2008/07/23] emulated by memoir.
Package parskip [2008/07/23] emulated by memoir.
Package patchcmd [2008/07/23] emulated by memoir.
Package setspace [2008/07/23] emulated by memoir.
Package showidx [2008/07/23] emulated by memoir.
Package titleref [2008/07/23] emulated by memoir.
Package titling [2008/07/23] emulated by memoir.
Package tocbibind [2008/07/23] emulated by memoir.
Package tocloft [2008/07/23] emulated by memoir.
Package tocvsec2 [2008/07/23] emulated by memoir.
Package verse [2008/07/23] emulated by memoir.
) (C:\Users\Admin\AppData\Roaming\MiKTeX\tex/latex/anyfontsize\anyfontsize.sty
Package: anyfontsize 2007/11/22 anyfontsize.sty by pts
) (C:\Users\Admin\AppData\Roaming\MiKTeX\tex/latex/psnfss\mathptmx.sty
Package: mathptmx 2020/03/25 PSNFSS-v9.3 Times w/ Math, improved (SPQR, WaS) 
LaTeX Font Info:    Redeclaring symbol font `operators' on input line 28.
LaTeX Font Info:    Overwriting symbol font `operators' in version `normal'
(Font)                  OT1/cmr/m/n --> OT1/ztmcm/m/n on input line 28.
LaTeX Font Info:    Overwriting symbol font `operators' in version `bold'
(Font)                  OT1/cmr/bx/n --> OT1/ztmcm/m/n on input line 28.
LaTeX Font Info:    Redeclaring symbol font `letters' on input line 29.
LaTeX Font Info:    Overwriting symbol font `letters' in version `normal'
(Font)                  OML/cmm/m/it --> OML/ztmcm/m/it on input line 29.
LaTeX Font Info:    Overwriting symbol font `letters' in version `bold'
(Font)                  OML/cmm/b/it --> OML/ztmcm/m/it on input line 29.
LaTeX Font Info:    Redeclaring symbol font `symbols' on input line 30.
LaTeX Font Info:    Overwriting symbol font `symbols' in version `normal'
(Font)                  OMS/cmsy/m/n --> OMS/ztmcm/m/n on input line 30.
LaTeX Font Info:    Overwriting symbol font `symbols' in version `bold'
(Font)                  OMS/cmsy/b/n --> OMS/ztmcm/m/n on input line 30.
LaTeX Font Info:    Redeclaring symbol font `largesymbols' on input line 31.
LaTeX Font Info:    Overwriting symbol font `largesymbols' in version `normal'
(Font)                  OMX/cmex/m/n --> OMX/ztmcm/m/n on input line 31.
LaTeX Font Info:    Overwriting symbol font `largesymbols' in version `bold'
(Font)                  OMX/cmex/m/n --> OMX/ztmcm/m/n on input line 31.
\symbold=\mathgroup4
\symitalic=\mathgroup5
LaTeX Font Info:    Redeclaring math alphabet \mathbf on input line 34.
LaTeX Font Info:    Overwriting math alphabet `\mathbf' in version `normal'
(Font)                  OT1/cmr/bx/n --> OT1/ptm/bx/n on input line 34.
LaTeX Font Info:    Overwriting math alphabet `\mathbf' in version `bold'
(Font)                  OT1/cmr/bx/n --> OT1/ptm/bx/n on input line 34.
LaTeX Font Info:    Redeclaring math alphabet \mathit on input line 35.
LaTeX Font Info:    Overwriting math alphabet `\mathit' in version `normal'
(Font)                  OT1/cmr/m/it --> OT1/ptm/m/it on input line 35.
LaTeX Font Info:    Overwriting math alphabet `\mathit' in version `bold'
(Font)                  OT1/cmr/bx/it --> OT1/ptm/m/it on input line 35.
LaTeX Info: Redefining \hbar on input line 50.
) (C:\Program Files\MiKTeX\tex/latex/base\fontenc.sty
Package: fontenc 2024/12/21 v2.1c Standard LaTeX package
 (C:\Users\Admin\AppData\Roaming\MiKTeX\tex/latex/vntex\t5enc.def
File: t5enc.def 2006/11/21 v1.4 Vietnamese T5 encoding
Now handling font encoding T5 ...
... processing UTF-8 mapping file for font encoding T5
 (C:\Users\Admin\AppData\Roaming\MiKTeX\tex/latex/vntex\t5enc.dfu
File: t5enc.dfu 2006/08/19 v1.1 UTF8 support for Vietnamese
   defining Unicode char U+00AB (decimal 171)
   defining Unicode char U+00BB (decimal 187)
   defining Unicode char U+00C0 (decimal 192)
   defining Unicode char U+00C1 (decimal 193)
   defining Unicode char U+00C2 (decimal 194)
   defining Unicode char U+00C3 (decimal 195)
   defining Unicode char U+00C8 (decimal 200)
   defining Unicode char U+00C9 (decimal 201)
   defining Unicode char U+00CA (decimal 202)
   defining Unicode char U+00CC (decimal 204)
   defining Unicode char U+00CD (decimal 205)
   defining Unicode char U+00D2 (decimal 210)
   defining Unicode char U+00D3 (decimal 211)
   defining Unicode char U+00D4 (decimal 212)
   defining Unicode char U+00D5 (decimal 213)
   defining Unicode char U+00D9 (decimal 217)
   defining Unicode char U+00DA (decimal 218)
   defining Unicode char U+00DD (decimal 221)
   defining Unicode char U+00E0 (decimal 224)
   defining Unicode char U+00E1 (decimal 225)
   defining Unicode char U+00E2 (decimal 226)
   defining Unicode char U+00E3 (decimal 227)
   defining Unicode char U+00E8 (decimal 232)
   defining Unicode char U+00E9 (decimal 233)
   defining Unicode char U+00EA (decimal 234)
   defining Unicode char U+00EC (decimal 236)
   defining Unicode char U+00ED (decimal 237)
   defining Unicode char U+00F2 (decimal 242)
   defining Unicode char U+00F3 (decimal 243)
   defining Unicode char U+00F4 (decimal 244)
   defining Unicode char U+00F5 (decimal 245)
   defining Unicode char U+00F9 (decimal 249)
   defining Unicode char U+00FA (decimal 250)
   defining Unicode char U+00FD (decimal 253)
   defining Unicode char U+0102 (decimal 258)
   defining Unicode char U+0103 (decimal 259)
   defining Unicode char U+0110 (decimal 272)
   defining Unicode char U+0111 (decimal 273)
   defining Unicode char U+0128 (decimal 296)
   defining Unicode char U+0129 (decimal 297)
   defining Unicode char U+0131 (decimal 305)
   defining Unicode char U+0168 (decimal 360)
   defining Unicode char U+0169 (decimal 361)
   defining Unicode char U+01A0 (decimal 416)
   defining Unicode char U+01A1 (decimal 417)
   defining Unicode char U+01AF (decimal 431)
   defining Unicode char U+01B0 (decimal 432)
   defining Unicode char U+1EA0 (decimal 7840)
   defining Unicode char U+1EA1 (decimal 7841)
   defining Unicode char U+1EA2 (decimal 7842)
   defining Unicode char U+1EA3 (decimal 7843)
   defining Unicode char U+1EA4 (decimal 7844)
   defining Unicode char U+1EA5 (decimal 7845)
   defining Unicode char U+1EA6 (decimal 7846)
   defining Unicode char U+1EA7 (decimal 7847)
   defining Unicode char U+1EA8 (decimal 7848)
   defining Unicode char U+1EA9 (decimal 7849)
   defining Unicode char U+1EAA (decimal 7850)
   defining Unicode char U+1EAB (decimal 7851)
   defining Unicode char U+1EAC (decimal 7852)
   defining Unicode char U+1EAD (decimal 7853)
   defining Unicode char U+1EAE (decimal 7854)
   defining Unicode char U+1EAF (decimal 7855)
   defining Unicode char U+1EB0 (decimal 7856)
   defining Unicode char U+1EB1 (decimal 7857)
   defining Unicode char U+1EB2 (decimal 7858)
   defining Unicode char U+1EB3 (decimal 7859)
   defining Unicode char U+1EB4 (decimal 7860)
   defining Unicode char U+1EB5 (decimal 7861)
   defining Unicode char U+1EB6 (decimal 7862)
   defining Unicode char U+1EB7 (decimal 7863)
   defining Unicode char U+1EB8 (decimal 7864)
   defining Unicode char U+1EB9 (decimal 7865)
   defining Unicode char U+1EBA (decimal 7866)
   defining Unicode char U+1EBB (decimal 7867)
   defining Unicode char U+1EBC (decimal 7868)
   defining Unicode char U+1EBD (decimal 7869)
   defining Unicode char U+1EBE (decimal 7870)
   defining Unicode char U+1EBF (decimal 7871)
   defining Unicode char U+1EC0 (decimal 7872)
   defining Unicode char U+1EC1 (decimal 7873)
   defining Unicode char U+1EC2 (decimal 7874)
   defining Unicode char U+1EC3 (decimal 7875)
   defining Unicode char U+1EC4 (decimal 7876)
   defining Unicode char U+1EC5 (decimal 7877)
   defining Unicode char U+1EC6 (decimal 7878)
   defining Unicode char U+1EC7 (decimal 7879)
   defining Unicode char U+1EC8 (decimal 7880)
   defining Unicode char U+1EC9 (decimal 7881)
   defining Unicode char U+1ECA (decimal 7882)
   defining Unicode char U+1ECB (decimal 7883)
   defining Unicode char U+1ECC (decimal 7884)
   defining Unicode char U+1ECD (decimal 7885)
   defining Unicode char U+1ECE (decimal 7886)
   defining Unicode char U+1ECF (decimal 7887)
   defining Unicode char U+1ED0 (decimal 7888)
   defining Unicode char U+1ED1 (decimal 7889)
   defining Unicode char U+1ED2 (decimal 7890)
   defining Unicode char U+1ED3 (decimal 7891)
   defining Unicode char U+1ED4 (decimal 7892)
   defining Unicode char U+1ED5 (decimal 7893)
   defining Unicode char U+1ED6 (decimal 7894)
   defining Unicode char U+1ED7 (decimal 7895)
   defining Unicode char U+1ED8 (decimal 7896)
   defining Unicode char U+1ED9 (decimal 7897)
   defining Unicode char U+1EDA (decimal 7898)
   defining Unicode char U+1EDB (decimal 7899)
   defining Unicode char U+1EDC (decimal 7900)
   defining Unicode char U+1EDD (decimal 7901)
   defining Unicode char U+1EDE (decimal 7902)
   defining Unicode char U+1EDF (decimal 7903)
   defining Unicode char U+1EE0 (decimal 7904)
   defining Unicode char U+1EE1 (decimal 7905)
   defining Unicode char U+1EE2 (decimal 7906)
   defining Unicode char U+1EE3 (decimal 7907)
   defining Unicode char U+1EE4 (decimal 7908)
   defining Unicode char U+1EE5 (decimal 7909)
   defining Unicode char U+1EE6 (decimal 7910)
   defining Unicode char U+1EE7 (decimal 7911)
   defining Unicode char U+1EE8 (decimal 7912)
   defining Unicode char U+1EE9 (decimal 7913)
   defining Unicode char U+1EEA (decimal 7914)
   defining Unicode char U+1EEB (decimal 7915)
   defining Unicode char U+1EEC (decimal 7916)
   defining Unicode char U+1EED (decimal 7917)
   defining Unicode char U+1EEE (decimal 7918)
   defining Unicode char U+1EEF (decimal 7919)
   defining Unicode char U+1EF0 (decimal 7920)
   defining Unicode char U+1EF1 (decimal 7921)
   defining Unicode char U+1EF2 (decimal 7922)
   defining Unicode char U+1EF3 (decimal 7923)
   defining Unicode char U+1EF4 (decimal 7924)
   defining Unicode char U+1EF5 (decimal 7925)
   defining Unicode char U+1EF6 (decimal 7926)
   defining Unicode char U+1EF7 (decimal 7927)
   defining Unicode char U+1EF8 (decimal 7928)
   defining Unicode char U+1EF9 (decimal 7929)
   defining Unicode char U+200C (decimal 8204)
   defining Unicode char U+2013 (decimal 8211)
   defining Unicode char U+2014 (decimal 8212)
   defining Unicode char U+2018 (decimal 8216)
   defining Unicode char U+2019 (decimal 8217)
   defining Unicode char U+201A (decimal 8218)
   defining Unicode char U+201C (decimal 8220)
   defining Unicode char U+201D (decimal 8221)
   defining Unicode char U+201E (decimal 8222)
   defining Unicode char U+2030 (decimal 8240)
   defining Unicode char U+2031 (decimal 8241)
   defining Unicode char U+2039 (decimal 8249)
   defining Unicode char U+203A (decimal 8250)
   defining Unicode char U+2423 (decimal 9251)
))
LaTeX Font Info:    Trying to load font information for T5+ptm on input line 116.
 (C:\Users\Admin\AppData\Roaming\MiKTeX\tex/latex/vntex\t5ptm.fd
File: t5utm.fd 2005/08/24 Fontinst v1.929 font definitions for T5/ptm.
)) (C:\Users\Admin\AppData\Roaming\MiKTeX\tex/latex/geometry\geometry.sty
Package: geometry 2020/01/02 v5.9 Page Geometry
 (C:\Program Files\MiKTeX\tex/generic/iftex\ifvtex.sty
Package: ifvtex 2019/10/25 v1.7 ifvtex legacy package. Use iftex instead.
)
\Gm@cnth=\count335
\Gm@cntv=\count336
\c@Gm@tempcnt=\count337
\Gm@bindingoffset=\dimen193
\Gm@wd@mp=\dimen194
\Gm@odd@mp=\dimen195
\Gm@even@mp=\dimen196
\Gm@layoutwidth=\dimen197
\Gm@layoutheight=\dimen198
\Gm@layouthoffset=\dimen199
\Gm@layoutvoffset=\dimen256
\Gm@dimlist=\toks25
 (C:\Users\Admin\AppData\Roaming\MiKTeX\tex/latex/geometry\geometry.cfg)) (C:\Program Files\MiKTeX\tex/latex/graphics\graphicx.sty
Package: graphicx 2024/12/31 v1.2e Enhanced LaTeX Graphics (DPC,SPQR)
 (C:\Program Files\MiKTeX\tex/latex/graphics\graphics.sty
Package: graphics 2024/08/06 v1.4g Standard LaTeX Graphics (DPC,SPQR)
 (C:\Program Files\MiKTeX\tex/latex/graphics\trig.sty
Package: trig 2023/12/02 v1.11 sin cos tan (DPC)
) (C:\Program Files\MiKTeX\tex/latex/graphics-cfg\graphics.cfg
File: graphics.cfg 2016/06/04 v1.11 sample graphics configuration
)
Package graphics Info: Driver file: pdftex.def on input line 106.
 (C:\Program Files\MiKTeX\tex/latex/graphics-def\pdftex.def
File: pdftex.def 2025/09/29 v1.2d Graphics/color driver for pdftex
))
\Gin@req@height=\dimen257
\Gin@req@width=\dimen258
) (C:\Program Files\MiKTeX\tex/latex/tools\indentfirst.sty
Package: indentfirst 2023/07/02 v1.03 Indent first paragraph (DPC)
) (C:\Program Files\MiKTeX\tex/latex/pgf/frontendlayer\tikz.sty (C:\Program Files\MiKTeX\tex/latex/pgf/basiclayer\pgf.sty (C:\Program Files\MiKTeX\tex/latex/pgf/utilities\pgfrcs.sty (C:\Program Files\MiKTeX\tex/generic/pgf/utilities\pgfutil-common.tex
\pgfutil@everybye=\toks26
\pgfutil@tempdima=\dimen259
\pgfutil@tempdimb=\dimen260
) (C:\Program Files\MiKTeX\tex/generic/pgf/utilities\pgfutil-latex.def
\pgfutil@abb=\box58
) (C:\Program Files\MiKTeX\tex/generic/pgf/utilities\pgfrcs.code.tex (C:\Program Files\MiKTeX\tex/generic/pgf\pgf.revision.tex)
Package: pgfrcs 2025-08-29 v3.1.11a (3.1.11a)
))
Package: pgf 2025-08-29 v3.1.11a (3.1.11a)
 (C:\Program Files\MiKTeX\tex/latex/pgf/basiclayer\pgfcore.sty (C:\Program Files\MiKTeX\tex/latex/pgf/systemlayer\pgfsys.sty (C:\Program Files\MiKTeX\tex/generic/pgf/systemlayer\pgfsys.code.tex
Package: pgfsys 2025-08-29 v3.1.11a (3.1.11a)
 (C:\Program Files\MiKTeX\tex/generic/pgf/utilities\pgfkeys.code.tex
\pgfkeys@pathtoks=\toks27
\pgfkeys@temptoks=\toks28
 (C:\Program Files\MiKTeX\tex/generic/pgf/utilities\pgfkeyslibraryfiltered.code.tex
\pgfkeys@tmptoks=\toks29
))
\pgf@x=\dimen261
\pgf@y=\dimen262
\pgf@xa=\dimen263
\pgf@ya=\dimen264
\pgf@xb=\dimen265
\pgf@yb=\dimen266
\pgf@xc=\dimen267
\pgf@yc=\dimen268
\pgf@xd=\dimen269
\pgf@yd=\dimen270
\w@pgf@writea=\write4
\r@pgf@reada=\read3
\c@pgf@counta=\count338
\c@pgf@countb=\count339
\c@pgf@countc=\count340
\c@pgf@countd=\count341
\t@pgf@toka=\toks30
\t@pgf@tokb=\toks31
\t@pgf@tokc=\toks32
\pgf@sys@id@count=\count342
 (C:\Program Files\MiKTeX\tex/generic/pgf/systemlayer\pgf.cfg
File: pgf.cfg 2025-08-29 v3.1.11a (3.1.11a)
)
Driver file for pgf: pgfsys-pdftex.def
 (C:\Program Files\MiKTeX\tex/generic/pgf/systemlayer\pgfsys-pdftex.def
File: pgfsys-pdftex.def 2025-08-29 v3.1.11a (3.1.11a)
 (C:\Program Files\MiKTeX\tex/generic/pgf/systemlayer\pgfsys-common-pdf.def
File: pgfsys-common-pdf.def 2025-08-29 v3.1.11a (3.1.11a)
))) (C:\Program Files\MiKTeX\tex/generic/pgf/systemlayer\pgfsyssoftpath.code.tex
File: pgfsyssoftpath.code.tex 2025-08-29 v3.1.11a (3.1.11a)
\pgfsyssoftpath@smallbuffer@items=\count343
\pgfsyssoftpath@bigbuffer@items=\count344
) (C:\Program Files\MiKTeX\tex/generic/pgf/systemlayer\pgfsysprotocol.code.tex
File: pgfsysprotocol.code.tex 2025-08-29 v3.1.11a (3.1.11a)
)) (C:\Program Files\MiKTeX\tex/latex/xcolor\xcolor.sty
Package: xcolor 2024/09/29 v3.02 LaTeX color extensions (UK)
 (C:\Program Files\MiKTeX\tex/latex/graphics-cfg\color.cfg
File: color.cfg 2016/01/02 v1.6 sample color configuration
)
Package xcolor Info: Driver file: pdftex.def on input line 274.
 (C:\Program Files\MiKTeX\tex/latex/graphics\mathcolor.ltx)
Package xcolor Info: Model `cmy' substituted by `cmy0' on input line 1349.
Package xcolor Info: Model `hsb' substituted by `rgb' on input line 1353.
Package xcolor Info: Model `RGB' extended on input line 1365.
Package xcolor Info: Model `HTML' substituted by `rgb' on input line 1367.
Package xcolor Info: Model `Hsb' substituted by `hsb' on input line 1368.
Package xcolor Info: Model `tHsb' substituted by `hsb' on input line 1369.
Package xcolor Info: Model `HSB' substituted by `hsb' on input line 1370.
Package xcolor Info: Model `Gray' substituted by `gray' on input line 1371.
Package xcolor Info: Model `wave' substituted by `hsb' on input line 1372.
) (C:\Program Files\MiKTeX\tex/generic/pgf/basiclayer\pgfcore.code.tex
Package: pgfcore 2025-08-29 v3.1.11a (3.1.11a)
 (C:\Program Files\MiKTeX\tex/generic/pgf/math\pgfmath.code.tex (C:\Program Files\MiKTeX\tex/generic/pgf/math\pgfmathutil.code.tex) (C:\Program Files\MiKTeX\tex/generic/pgf/math\pgfmathparser.code.tex
\pgfmath@dimen=\dimen271
\pgfmath@count=\count345
\pgfmath@box=\box59
\pgfmath@toks=\toks33
\pgfmath@stack@operand=\toks34
\pgfmath@stack@operation=\toks35
) (C:\Program Files\MiKTeX\tex/generic/pgf/math\pgfmathfunctions.code.tex) (C:\Program Files\MiKTeX\tex/generic/pgf/math\pgfmathfunctions.basic.code.tex) (C:\Program Files\MiKTeX\tex/generic/pgf/math\pgfmathfunctions.trigonometric.code.tex) (C:\Program Files\MiKTeX\tex/generic/pgf/math\pgfmathfunctions.random.code.tex) (C:\Program Files\MiKTeX\tex/generic/pgf/math\pgfmathfunctions.comparison.code.tex) (C:\Program Files\MiKTeX\tex/generic/pgf/math\pgfmathfunctions.base.code.tex) (C:\Program Files\MiKTeX\tex/generic/pgf/math\pgfmathfunctions.round.code.tex) (C:\Program Files\MiKTeX\tex/generic/pgf/math\pgfmathfunctions.misc.code.tex) (C:\Program Files\MiKTeX\tex/generic/pgf/math\pgfmathfunctions.integerarithmetics.code.tex) (C:\Program Files\MiKTeX\tex/generic/pgf/math\pgfmathcalc.code.tex) (C:\Program Files\MiKTeX\tex/generic/pgf/math\pgfmathfloat.code.tex
\c@pgfmathroundto@lastzeros=\count346
)) (C:\Program Files\MiKTeX\tex/generic/pgf/math\pgfint.code.tex) (C:\Program Files\MiKTeX\tex/generic/pgf/basiclayer\pgfcorepoints.code.tex
File: pgfcorepoints.code.tex 2025-08-29 v3.1.11a (3.1.11a)
\pgf@picminx=\dimen272
\pgf@picmaxx=\dimen273
\pgf@picminy=\dimen274
\pgf@picmaxy=\dimen275
\pgf@pathminx=\dimen276
\pgf@pathmaxx=\dimen277
\pgf@pathminy=\dimen278
\pgf@pathmaxy=\dimen279
\pgf@xx=\dimen280
\pgf@xy=\dimen281
\pgf@yx=\dimen282
\pgf@yy=\dimen283
\pgf@zx=\dimen284
\pgf@zy=\dimen285
) (C:\Program Files\MiKTeX\tex/generic/pgf/basiclayer\pgfcorepathconstruct.code.tex
File: pgfcorepathconstruct.code.tex 2025-08-29 v3.1.11a (3.1.11a)
\pgf@path@lastx=\dimen286
\pgf@path@lasty=\dimen287
) (C:\Program Files\MiKTeX\tex/generic/pgf/basiclayer\pgfcorepathusage.code.tex
File: pgfcorepathusage.code.tex 2025-08-29 v3.1.11a (3.1.11a)
\pgf@shorten@end@additional=\dimen288
\pgf@shorten@start@additional=\dimen289
) (C:\Program Files\MiKTeX\tex/generic/pgf/basiclayer\pgfcorescopes.code.tex
File: pgfcorescopes.code.tex 2025-08-29 v3.1.11a (3.1.11a)
\pgfpic=\box60
\pgf@hbox=\box61
\pgf@layerbox@main=\box62
\pgf@picture@serial@count=\count347
) (C:\Program Files\MiKTeX\tex/generic/pgf/basiclayer\pgfcoregraphicstate.code.tex
File: pgfcoregraphicstate.code.tex 2025-08-29 v3.1.11a (3.1.11a)
\pgflinewidth=\dimen290
) (C:\Program Files\MiKTeX\tex/generic/pgf/basiclayer\pgfcoretransformations.code.tex
File: pgfcoretransformations.code.tex 2025-08-29 v3.1.11a (3.1.11a)
\pgf@pt@x=\dimen291
\pgf@pt@y=\dimen292
\pgf@pt@temp=\dimen293
) (C:\Program Files\MiKTeX\tex/generic/pgf/basiclayer\pgfcorequick.code.tex
File: pgfcorequick.code.tex 2025-08-29 v3.1.11a (3.1.11a)
) (C:\Program Files\MiKTeX\tex/generic/pgf/basiclayer\pgfcoreobjects.code.tex
File: pgfcoreobjects.code.tex 2025-08-29 v3.1.11a (3.1.11a)
) (C:\Program Files\MiKTeX\tex/generic/pgf/basiclayer\pgfcorepathprocessing.code.tex
File: pgfcorepathprocessing.code.tex 2025-08-29 v3.1.11a (3.1.11a)
) (C:\Program Files\MiKTeX\tex/generic/pgf/basiclayer\pgfcorearrows.code.tex
File: pgfcorearrows.code.tex 2025-08-29 v3.1.11a (3.1.11a)
\pgfarrowsep=\dimen294
) (C:\Program Files\MiKTeX\tex/generic/pgf/basiclayer\pgfcoreshade.code.tex
File: pgfcoreshade.code.tex 2025-08-29 v3.1.11a (3.1.11a)
\pgf@max=\dimen295
\pgf@sys@shading@range@num=\count348
\pgf@shadingcount=\count349
) (C:\Program Files\MiKTeX\tex/generic/pgf/basiclayer\pgfcoreimage.code.tex
File: pgfcoreimage.code.tex 2025-08-29 v3.1.11a (3.1.11a)
) (C:\Program Files\MiKTeX\tex/generic/pgf/basiclayer\pgfcoreexternal.code.tex
File: pgfcoreexternal.code.tex 2025-08-29 v3.1.11a (3.1.11a)
\pgfexternal@startupbox=\box63
) (C:\Program Files\MiKTeX\tex/generic/pgf/basiclayer\pgfcorelayers.code.tex
File: pgfcorelayers.code.tex 2025-08-29 v3.1.11a (3.1.11a)
) (C:\Program Files\MiKTeX\tex/generic/pgf/basiclayer\pgfcoretransparency.code.tex
File: pgfcoretransparency.code.tex 2025-08-29 v3.1.11a (3.1.11a)
) (C:\Program Files\MiKTeX\tex/generic/pgf/basiclayer\pgfcorepatterns.code.tex
File: pgfcorepatterns.code.tex 2025-08-29 v3.1.11a (3.1.11a)
) (C:\Program Files\MiKTeX\tex/generic/pgf/basiclayer\pgfcorerdf.code.tex
File: pgfcorerdf.code.tex 2025-08-29 v3.1.11a (3.1.11a)
))) (C:\Program Files\MiKTeX\tex/generic/pgf/modules\pgfmoduleshapes.code.tex
File: pgfmoduleshapes.code.tex 2025-08-29 v3.1.11a (3.1.11a)
\pgfnodeparttextbox=\box64
) (C:\Program Files\MiKTeX\tex/generic/pgf/modules\pgfmoduleplot.code.tex
File: pgfmoduleplot.code.tex 2025-08-29 v3.1.11a (3.1.11a)
) (C:\Program Files\MiKTeX\tex/latex/pgf/compatibility\pgfcomp-version-0-65.sty
Package: pgfcomp-version-0-65 2025-08-29 v3.1.11a (3.1.11a)
\pgf@nodesepstart=\dimen296
\pgf@nodesepend=\dimen297
) (C:\Program Files\MiKTeX\tex/latex/pgf/compatibility\pgfcomp-version-1-18.sty
Package: pgfcomp-version-1-18 2025-08-29 v3.1.11a (3.1.11a)
)) (C:\Program Files\MiKTeX\tex/latex/pgf/utilities\pgffor.sty (C:\Program Files\MiKTeX\tex/latex/pgf/utilities\pgfkeys.sty (C:\Program Files\MiKTeX\tex/generic/pgf/utilities\pgfkeys.code.tex)) (C:\Program Files\MiKTeX\tex/latex/pgf/math\pgfmath.sty (C:\Program Files\MiKTeX\tex/generic/pgf/math\pgfmath.code.tex)) (C:\Program Files\MiKTeX\tex/generic/pgf/utilities\pgffor.code.tex
Package: pgffor 2025-08-29 v3.1.11a (3.1.11a)
\pgffor@iter=\dimen298
\pgffor@skip=\dimen299
\pgffor@stack=\toks36
\pgffor@toks=\toks37
)) (C:\Program Files\MiKTeX\tex/generic/pgf/frontendlayer/tikz\tikz.code.tex
Package: tikz 2025-08-29 v3.1.11a (3.1.11a)
 (C:\Program Files\MiKTeX\tex/generic/pgf/libraries\pgflibraryplothandlers.code.tex
File: pgflibraryplothandlers.code.tex 2025-08-29 v3.1.11a (3.1.11a)
\pgf@plot@mark@count=\count350
\pgfplotmarksize=\dimen300
)
\tikz@lastx=\dimen301
\tikz@lasty=\dimen302
\tikz@lastxsaved=\dimen303
\tikz@lastysaved=\dimen304
\tikz@lastmovetox=\dimen305
\tikz@lastmovetoy=\dimen306
\tikzleveldistance=\dimen307
\tikzsiblingdistance=\dimen308
\tikz@figbox=\box65
\tikz@figbox@bg=\box66
\tikz@tempbox=\box67
\tikz@tempbox@bg=\box68
\tikztreelevel=\count351
\tikznumberofchildren=\count352
\tikznumberofcurrentchild=\count353
\tikz@fig@count=\count354
 (C:\Program Files\MiKTeX\tex/generic/pgf/modules\pgfmodulematrix.code.tex
File: pgfmodulematrix.code.tex 2025-08-29 v3.1.11a (3.1.11a)
\pgfmatrixcurrentrow=\count355
\pgfmatrixcurrentcolumn=\count356
\pgf@matrix@numberofcolumns=\count357
)
\tikz@expandcount=\count358
 (C:\Program Files\MiKTeX\tex/generic/pgf/frontendlayer/tikz/libraries\tikzlibrarytopaths.code.tex
File: tikzlibrarytopaths.code.tex 2025-08-29 v3.1.11a (3.1.11a)
))) (C:\Users\Admin\AppData\Roaming\MiKTeX\tex/latex/caption\caption.sty
Package: caption 2023/08/05 v3.6o Customizing captions (AR)
 (C:\Users\Admin\AppData\Roaming\MiKTeX\tex/latex/caption\caption3.sty
Package: caption3 2023/07/31 v2.4d caption3 kernel (AR)
\caption@tempdima=\dimen309
\captionmargin=\dimen310
\caption@leftmargin=\dimen311
\caption@rightmargin=\dimen312
\caption@width=\dimen313
\caption@indent=\dimen314
\caption@parindent=\dimen315
\caption@hangindent=\dimen316
Package caption Info: memoir document class detected.
 (C:\Users\Admin\AppData\Roaming\MiKTeX\tex/latex/caption\caption-memoir.sto
File: caption-memoir.sto 2023/09/08 v2.2c Adaption of the caption package to the memoir document class (AR)
))
\c@caption@flags=\count359
\c@continuedfloat=\count360
Package caption Info: changepage package is loaded.
\caption@adjustwidth@hsize=\dimen317
\caption@adjustwidth@linewidth=\dimen318
)

Class memoir Warning: The fancyhdr package is not recommended with memoir.
(memoir)              We have our own well integrated interface to handle
(memoir)              headers and footers. See the manual section 7.3
(memoir)              onwards for details. on input line 15.

(C:\Users\Admin\AppData\Roaming\MiKTeX\tex/latex/fancyhdr\fancyhdr.sty
Package: fancyhdr 2025/02/07 v5.2 Extensive control of page headers and footers
\f@nch@headwidth=\skip191
\f@nch@offset@elh=\skip192
\f@nch@offset@erh=\skip193
\f@nch@offset@olh=\skip194
\f@nch@offset@orh=\skip195
\f@nch@offset@elf=\skip196
\f@nch@offset@erf=\skip197
\f@nch@offset@olf=\skip198
\f@nch@offset@orf=\skip199
\f@nch@height=\skip256
\f@nch@footalignment=\skip257
\f@nch@widthL=\skip258
\f@nch@widthC=\skip259
\f@nch@widthR=\skip260
\@temptokenb=\toks38
) (C:\Program Files\MiKTeX\tex/latex/hyperref\hyperref.sty
Package: hyperref 2025-07-12 v7.01o Hypertext links for LaTeX
 (C:\Users\Admin\AppData\Roaming\MiKTeX\tex/generic/kvdefinekeys\kvdefinekeys.sty
Package: kvdefinekeys 2019-12-19 v1.6 Define keys (HO)
) (C:\Users\Admin\AppData\Roaming\MiKTeX\tex/generic/pdfescape\pdfescape.sty
Package: pdfescape 2019/12/09 v1.15 Implements pdfTeX's escape features (HO)
 (C:\Program Files\MiKTeX\tex/generic/pdftexcmds\pdftexcmds.sty
Package: pdftexcmds 2020-06-27 v0.33 Utility functions of pdfTeX for LuaTeX (HO)
Package pdftexcmds Info: \pdf@primitive is available.
Package pdftexcmds Info: \pdf@ifprimitive is available.
Package pdftexcmds Info: \pdfdraftmode found.
)) (C:\Users\Admin\AppData\Roaming\MiKTeX\tex/latex/hycolor\hycolor.sty
Package: hycolor 2020-01-27 v1.10 Color options for hyperref/bookmark (HO)
) (C:\Users\Admin\AppData\Roaming\MiKTeX\tex/generic/stringenc\stringenc.sty
Package: stringenc 2019/11/29 v1.12 Convert strings between diff. encodings (HO)
)
\@linkdim=\dimen319
\Hy@linkcounter=\count361
\Hy@pagecounter=\count362
 (C:\Program Files\MiKTeX\tex/latex/hyperref\pd1enc.def
File: pd1enc.def 2025-07-12 v7.01o Hyperref: PDFDocEncoding definition (HO)
Now handling font encoding PD1 ...
... no UTF-8 mapping file for font encoding PD1
) (C:\Users\Admin\AppData\Roaming\MiKTeX\tex/generic/intcalc\intcalc.sty
Package: intcalc 2019/12/15 v1.3 Expandable calculations with integers (HO)
)
\Hy@SavedSpaceFactor=\count363
 (C:\Program Files\MiKTeX\tex/latex/hyperref\puenc.def
File: puenc.def 2025-07-12 v7.01o Hyperref: PDF Unicode definition (HO)
Now handling font encoding PU ...
... no UTF-8 mapping file for font encoding PU
)
Package hyperref Info: Hyper figures OFF on input line 4195.
Package hyperref Info: Link nesting OFF on input line 4200.
Package hyperref Info: Hyper index ON on input line 4203.
Package hyperref Info: Plain pages OFF on input line 4210.
Package hyperref Info: Backreferencing OFF on input line 4215.
Package hyperref Info: Implicit mode ON; LaTeX internals redefined.
Package hyperref Info: Bookmarks ON on input line 4462.
\c@Hy@tempcnt=\count364
 (C:\Program Files\MiKTeX\tex/latex/url\url.sty
\Urlmuskip=\muskip17
Package: url 2013/09/16  ver 3.4  Verb mode for urls, etc.
)
LaTeX Info: Redefining \url on input line 4801.
\XeTeXLinkMargin=\dimen320
 (C:\Users\Admin\AppData\Roaming\MiKTeX\tex/generic/bitset\bitset.sty
Package: bitset 2019/12/09 v1.3 Handle bit-vector datatype (HO)
 (C:\Users\Admin\AppData\Roaming\MiKTeX\tex/generic/bigintcalc\bigintcalc.sty
Package: bigintcalc 2019/12/15 v1.5 Expandable calculations on big integers (HO)
))
\Fld@menulength=\count365
\Field@Width=\dimen321
\Fld@charsize=\dimen322
Package hyperref Info: Hyper figures OFF on input line 6078.
Package hyperref Info: Link nesting OFF on input line 6083.
Package hyperref Info: Hyper index ON on input line 6086.
Package hyperref Info: backreferencing OFF on input line 6093.
Package hyperref Info: Link coloring OFF on input line 6098.
Package hyperref Info: Link coloring with OCG OFF on input line 6103.
Package hyperref Info: PDF/A mode OFF on input line 6108.
\Hy@abspage=\count366
\c@Item=\count367
\c@Hfootnote=\count368
)
Package hyperref Info: Driver (autodetected): hpdftex.
 (C:\Program Files\MiKTeX\tex/latex/hyperref\hpdftex.def
File: hpdftex.def 2025-07-12 v7.01o Hyperref driver for pdfTeX
\Fld@listcount=\count369
\c@bookmark@seq@number=\count370
 (C:\Users\Admin\AppData\Roaming\MiKTeX\tex/latex/rerunfilecheck\rerunfilecheck.sty
Package: rerunfilecheck 2025-06-21 v1.11 Rerun checks for auxiliary files (HO)
 (C:\Users\Admin\AppData\Roaming\MiKTeX\tex/generic/uniquecounter\uniquecounter.sty
Package: uniquecounter 2019/12/15 v1.4 Provide unlimited unique counter (HO)
)
Package uniquecounter Info: New unique counter `rerunfilecheck' on input line 284.
)
\Hy@SectionHShift=\skip261
) (C:\Users\Admin\AppData\Roaming\MiKTeX\tex/latex/memoir\memhfixc.sty
Package: memhfixc 2025/09/16 v1.24 hyperref package fixes for memoir class
\c@memhycontfloat=\count371
\c@mem@Hpagenote=\count372
) (C:\Program Files\MiKTeX\tex/generic/babel\babel.sty
Package: babel 2025/10/22 v25.14 The multilingual framework for LuaLaTeX, pdfLaTeX and XeLaTeX
\babel@savecnt=\count373
LaTeX Encoding Info:    Redeclaring text command \ij (encoding OT1) on input line 2050.
LaTeX Encoding Info:    Redeclaring text command \IJ (encoding OT1) on input line 2052.
LaTeX Encoding Info:    Redeclaring text command \ij (encoding T1) on input line 2054.
LaTeX Encoding Info:    Redeclaring text command \IJ (encoding T1) on input line 2055.
LaTeX Encoding Info:    Ignoring declaration for text command \ij (encoding ?) on input line 2056.
LaTeX Encoding Info:    Ignoring declaration for text command \IJ (encoding ?) on input line 2058.
LaTeX Encoding Info:    Ignoring declaration for text command \SS (encoding ?) on input line 2083.
\U@D=\dimen323
\l@unhyphenated=\language79
 (C:\Program Files\MiKTeX\tex/generic/babel\txtbabel.def)
\bbl@readstream=\read4
\bbl@dirlevel=\count374


Package babel Warning: Configuration files are deprecated, as
(babel)                they can break document portability.
(babel)                Reported on input line 4172.

*************************************
* Local config file bblopts.cfg used
*
(C:\Program Files\MiKTeX\tex/latex/arabi\bblopts.cfg
File: bblopts.cfg 2005/09/08 v0.1 add Arabic and Farsi to "declared" options of babel
) (C:\Program Files\MiKTeX\tex/generic/babel/locale/vi\babel-vietnamese.tex) (C:\Program Files\MiKTeX\tex/generic/babel/locale/en\babel-english.tex)
Package babel Info: Importing font and identification data for vietnamese
(babel)             from babel-vi.ini. Reported on input line 4295.
 (C:\Users\Admin\AppData\Roaming\MiKTeX\tex/latex/babel-vietnamese\vietnamese.ldf
Language: vietnamese 


Package babel Warning: No hyphenation patterns were preloaded for
(babel)                the language 'Vietnamese' into the format.
(babel)                Please, configure your TeX system to add them and
(babel)                rebuild the format. Now I will use the patterns
(babel)                preloaded for \language=0 instead on input line 36.

Package babel Info: Hyphen rules for 'vietnamese' set to \l@english
(babel)             (\language0). Reported on input line 37.
Package babel Info: Hyphen rules for 'vietnam' set to \l@english
(babel)             (\language0). Reported on input line 38.
Loading definitions for the Vietnamese font encoding (C:\Users\Admin\AppData\Roaming\MiKTeX\tex/latex/vntex\t5enc.def
File: t5enc.def 2006/11/21 v1.4 Vietnamese T5 encoding
LaTeX Font Info:    Redeclaring font encoding T5 on input line 75.
LaTeX Encoding Info:    Redeclaring text command \` (encoding T5) on input line 79.
LaTeX Encoding Info:    Redeclaring text command \' (encoding T5) on input line 80.
LaTeX Encoding Info:    Redeclaring text command \^ (encoding T5) on input line 81.
LaTeX Encoding Info:    Redeclaring text command \~ (encoding T5) on input line 82.
LaTeX Encoding Info:    Redeclaring text command \" (encoding T5) on input line 83.
LaTeX Encoding Info:    Redeclaring text command \r (encoding T5) on input line 84.
LaTeX Encoding Info:    Redeclaring text command \v (encoding T5) on input line 85.
LaTeX Encoding Info:    Redeclaring text command \u (encoding T5) on input line 86.
LaTeX Encoding Info:    Redeclaring text command \= (encoding T5) on input line 87.
LaTeX Encoding Info:    Redeclaring text command \. (encoding T5) on input line 88.
LaTeX Encoding Info:    Redeclaring text command \b (encoding T5) on input line 90.
LaTeX Encoding Info:    Redeclaring text command \c (encoding T5) on input line 94.
LaTeX Encoding Info:    Redeclaring text command \d (encoding T5) on input line 98.
LaTeX Encoding Info:    Redeclaring text command \h (encoding T5) on input line 103.
LaTeX Encoding Info:    Redeclaring text symbol \quotesinglbase (encoding T5) on input line 105.
LaTeX Encoding Info:    Redeclaring text symbol \guilsinglleft (encoding T5) on input line 106.
LaTeX Encoding Info:    Redeclaring text symbol \guilsinglright (encoding T5) on input line 107.
LaTeX Encoding Info:    Redeclaring text symbol \textquotedblleft (encoding T5) on input line 108.
LaTeX Encoding Info:    Redeclaring text symbol \textquotedblright (encoding T5) on input line 109.
LaTeX Encoding Info:    Redeclaring text symbol \quotedblbase (encoding T5) on input line 110.
LaTeX Encoding Info:    Redeclaring text symbol \guillemotleft (encoding T5) on input line 111.
LaTeX Encoding Info:    Redeclaring text symbol \guillemotright (encoding T5) on input line 112.
LaTeX Encoding Info:    Redeclaring text symbol \textendash (encoding T5) on input line 113.
LaTeX Encoding Info:    Redeclaring text symbol \textemdash (encoding T5) on input line 114.
LaTeX Encoding Info:    Redeclaring text symbol \textcompwordmark (encoding T5) on input line 115.
LaTeX Encoding Info:    Redeclaring text command \textperthousand (encoding T5) on input line 117.
LaTeX Encoding Info:    Redeclaring text command \textpertenthousand (encoding T5) on input line 118.
LaTeX Encoding Info:    Redeclaring text symbol \i (encoding T5) on input line 119.
LaTeX Encoding Info:    Redeclaring text symbol \textvisiblespace (encoding T5) on input line 121.
LaTeX Encoding Info:    Redeclaring text symbol \textquotedbl (encoding T5) on input line 122.
LaTeX Encoding Info:    Redeclaring text symbol \textdollar (encoding T5) on input line 123.
LaTeX Encoding Info:    Redeclaring text symbol \textquoteright (encoding T5) on input line 124.
LaTeX Encoding Info:    Redeclaring text symbol \textless (encoding T5) on input line 125.
LaTeX Encoding Info:    Redeclaring text symbol \textgreater (encoding T5) on input line 126.
LaTeX Encoding Info:    Redeclaring text symbol \textbackslash (encoding T5) on input line 127.
LaTeX Encoding Info:    Redeclaring text symbol \textasciicircum (encoding T5) on input line 128.
LaTeX Encoding Info:    Redeclaring text symbol \textunderscore (encoding T5) on input line 129.
LaTeX Encoding Info:    Redeclaring text symbol \textquoteleft (encoding T5) on input line 130.
LaTeX Encoding Info:    Redeclaring text symbol \textbraceleft (encoding T5) on input line 131.
LaTeX Encoding Info:    Redeclaring text symbol \textbar (encoding T5) on input line 132.
LaTeX Encoding Info:    Redeclaring text symbol \textbraceright (encoding T5) on input line 133.
LaTeX Encoding Info:    Redeclaring text symbol \textasciitilde (encoding T5) on input line 134.
LaTeX Encoding Info:    Redeclaring text command \horn (encoding T5) on input line 137.
LaTeX Encoding Info:    Redeclaring text symbol \DJ (encoding T5) on input line 306.
LaTeX Encoding Info:    Redeclaring text symbol \dj (encoding T5) on input line 307.
LaTeX Encoding Info:    Redeclaring text symbol \Acircumflex (encoding T5) on input line 312.
LaTeX Encoding Info:    Redeclaring text symbol \Abreve (encoding T5) on input line 319.
LaTeX Encoding Info:    Redeclaring text symbol \Ecircumflex (encoding T5) on input line 326.
LaTeX Encoding Info:    Redeclaring text symbol \Ocircumflex (encoding T5) on input line 333.
LaTeX Encoding Info:    Redeclaring text symbol \Ohorn (encoding T5) on input line 340.
LaTeX Encoding Info:    Redeclaring text symbol \Uhorn (encoding T5) on input line 347.
LaTeX Encoding Info:    Redeclaring text symbol \acircumflex (encoding T5) on input line 354.
LaTeX Encoding Info:    Redeclaring text symbol \abreve (encoding T5) on input line 361.
LaTeX Encoding Info:    Redeclaring text symbol \ecircumflex (encoding T5) on input line 368.
LaTeX Encoding Info:    Redeclaring text symbol \ocircumflex (encoding T5) on input line 375.
LaTeX Encoding Info:    Redeclaring text symbol \ohorn (encoding T5) on input line 382.
LaTeX Encoding Info:    Redeclaring text symbol \uhorn (encoding T5) on input line 389.
LaTeX Encoding Info:    Redeclaring text symbol \ACIRCUMFLEX (encoding T5) on input line 397.
LaTeX Encoding Info:    Redeclaring text symbol \ABREVE (encoding T5) on input line 404.
LaTeX Encoding Info:    Redeclaring text symbol \ECIRCUMFLEX (encoding T5) on input line 411.
LaTeX Encoding Info:    Redeclaring text symbol \OCIRCUMFLEX (encoding T5) on input line 418.
LaTeX Encoding Info:    Redeclaring text symbol \OHORN (encoding T5) on input line 425.
LaTeX Encoding Info:    Redeclaring text symbol \UHORN (encoding T5) on input line 432.
)

Package babel Warning: No input encoding specified for Vietnamese on input line 146.

Package babel Info: Making " an active character on input line 147.
)
Package babel Info: Importing font and identification data for english
(babel)             from babel-en.ini. Reported on input line 4295.
 (C:\Program Files\MiKTeX\tex/latex/babel-english\english.ldf
Language: english 2017/06/06 v3.3r English support from the babel system
Package babel Info: Hyphen rules for 'canadian' set to \l@english
(babel)             (\language0). Reported on input line 102.
Package babel Info: Hyphen rules for 'australian' set to \l@ukenglish
(babel)             (\language73). Reported on input line 105.
Package babel Info: Hyphen rules for 'newzealand' set to \l@ukenglish
(babel)             (\language73). Reported on input line 108.
)) (C:\Users\Admin\AppData\Roaming\MiKTeX\tex/latex/vntex\vietnam.sty
Package: vietnam 2009/07/12 v1.3 support for Vietnamese
 (C:\Program Files\MiKTeX\tex/latex/base\ifthen.sty
Package: ifthen 2024/03/16 v1.1e Standard LaTeX ifthen package (DPC)
) (C:\Program Files\MiKTeX\tex/latex/base\fontenc.sty
Package: fontenc 2024/12/21 v2.1c Standard LaTeX package
) (C:\Program Files\MiKTeX\tex/latex/base\inputenc.sty
Package: inputenc 2024/02/08 v1.3d Input encoding file
\inpenc@prehook=\toks39
\inpenc@posthook=\toks40
) (C:\Users\Admin\AppData\Roaming\MiKTeX\tex/latex/vntex\vncaps.tex
File: vncaps.tex 2006/06/07 v1.1 Captions in Vietnamese
)) (C:\Program Files\MiKTeX\tex/latex/listings\listings.sty
\lst@mode=\count375
\lst@gtempboxa=\box69
\lst@token=\toks41
\lst@length=\count376
\lst@currlwidth=\dimen324
\lst@column=\count377
\lst@pos=\count378
\lst@lostspace=\dimen325
\lst@width=\dimen326
\lst@newlines=\count379
\lst@lineno=\count380
\lst@maxwidth=\dimen327
 (C:\Program Files\MiKTeX\tex/latex/listings\lstpatch.sty
File: lstpatch.sty 2024/09/23 1.10c (Carsten Heinz)
) (C:\Program Files\MiKTeX\tex/latex/listings\lstmisc.sty
File: lstmisc.sty 2024/09/23 1.10c (Carsten Heinz)
\c@lstnumber=\count381
\lst@skipnumbers=\count382
\lst@framebox=\box70
) (C:\Program Files\MiKTeX\tex/latex/listings\listings.cfg
File: listings.cfg 2024/09/23 1.10c listings configuration
))
Package: listings 2024/09/23 1.10c (Carsten Heinz)
 (C:\Users\Admin\AppData\Roaming\MiKTeX\tex/latex/glossaries/base\glossaries.sty
Package: glossaries 2025/08/11 v4.8 (NLCT)
 (C:\Program Files\MiKTeX\tex/latex/xkeyval\xkeyval.sty
Package: xkeyval 2022/06/16 v2.9 package option processing (HA)
 (C:\Program Files\MiKTeX\tex/generic/xkeyval\xkeyval.tex (C:\Program Files\MiKTeX\tex/generic/xkeyval\xkvutils.tex
\XKV@toks=\toks42
\XKV@tempa@toks=\toks43
)
\XKV@depth=\count383
File: xkeyval.tex 2014/12/03 v2.7a key=value parser (HA)
)) (C:\Users\Admin\AppData\Roaming\MiKTeX\tex/latex/mfirstuc\mfirstuc.sty
Package: mfirstuc 2025/04/03 v2.09 (NLCT)
\@glsmfirst=\toks44
\@glsmrest=\toks45
) (C:\Users\Admin\AppData\Roaming\MiKTeX\tex/latex/xfor\xfor.sty
Package: xfor 2009/02/05 v1.05 (NLCT)
) (C:\Program Files\MiKTeX\tex/latex/amsmath\amsgen.sty
File: amsgen.sty 1999/11/30 v2.0 generic functions
\@emptytoks=\toks46
\ex@=\dimen328
) (C:\Users\Admin\AppData\Roaming\MiKTeX\tex/latex/tracklang\tracklang.sty
Package: tracklang 2025/03/11 v1.6.6 (NLCT) Track Languages
 (C:\Users\Admin\AppData\Roaming\MiKTeX\tex/generic/tracklang\tracklang.tex)
Package tracklang Info: Tracking dialect `vietnamese' (language `vietnamese') on input line 264.
Package tracklang Info: Tracking dialect `english' (language `english') on input line 264.
Package tracklang Info: Tracking dialect `english' (language `english') on input line 264.
Package tracklang Info: Tracking dialect `vietnamese' (language `vietnamese') on input line 264.
) (C:\Users\Admin\AppData\Roaming\MiKTeX\tex/latex/translator\translator.sty
Package: translator 2021-05-31 v1.12d Easy translation of strings in LaTeX
)

Package glossaries Warning: No language module detected for `vietnamese'.
(glossaries)                Language modules need to be installed separately.
(glossaries)                Please check on CTAN for a bundle called
(glossaries)                `glossaries-vietnamese' or similar.

(C:\Users\Admin\AppData\Roaming\MiKTeX\tex/latex/glossaries-english\glossaries-english.ldf
File: glossaries-english.ldf 2014/11/23 v1.0
) (C:\Users\Admin\AppData\Roaming\MiKTeX\tex/latex/datatool\datatool-base.sty
Package: datatool-base 2025/04/25 v3.4.1 (NLCT)
 (C:\Program Files\MiKTeX\tex/latex/amsmath\amsmath.sty
Package: amsmath 2025/06/16 v2.17y AMS math features
\@mathmargin=\skip262

For additional information on amsmath, use the `?' option.
(C:\Program Files\MiKTeX\tex/latex/amsmath\amstext.sty
Package: amstext 2024/11/17 v2.01 AMS text
) (C:\Program Files\MiKTeX\tex/latex/amsmath\amsbsy.sty
Package: amsbsy 1999/11/29 v1.2d Bold Symbols
\pmbraise@=\dimen329
) (C:\Program Files\MiKTeX\tex/latex/amsmath\amsopn.sty
Package: amsopn 2022/04/08 v2.04 operator names
)
\inf@bad=\count384
LaTeX Info: Redefining \frac on input line 233.
\uproot@=\count385
\leftroot@=\count386
LaTeX Info: Redefining \overline on input line 398.
LaTeX Info: Redefining \colon on input line 409.
\classnum@=\count387
\DOTSCASE@=\count388
LaTeX Info: Redefining \ldots on input line 495.
LaTeX Info: Redefining \dots on input line 498.
LaTeX Info: Redefining \cdots on input line 619.
\Mathstrutbox@=\box71
\strutbox@=\box72
LaTeX Info: Redefining \big on input line 721.
LaTeX Info: Redefining \Big on input line 722.
LaTeX Info: Redefining \bigg on input line 723.
LaTeX Info: Redefining \Bigg on input line 724.
\big@size=\dimen330
LaTeX Font Info:    Redeclaring font encoding OML on input line 742.
LaTeX Font Info:    Redeclaring font encoding OMS on input line 743.
\macc@depth=\count389
LaTeX Info: Redefining \bmod on input line 904.
LaTeX Info: Redefining \pmod on input line 909.
LaTeX Info: Redefining \smash on input line 939.
LaTeX Info: Redefining \relbar on input line 969.
LaTeX Info: Redefining \Relbar on input line 970.
\c@MaxMatrixCols=\count390
\dotsspace@=\muskip18
\c@parentequation=\count391
\dspbrk@lvl=\count392
\tag@help=\toks47
\row@=\count393
\column@=\count394
\maxfields@=\count395
\andhelp@=\toks48
\eqnshift@=\dimen331
\alignsep@=\dimen332
\tagshift@=\dimen333
\tagwidth@=\dimen334
\totwidth@=\dimen335
\lineht@=\dimen336
\@envbody=\toks49
\multlinegap=\skip263
\multlinetaggap=\skip264
\mathdisplay@stack=\toks50
LaTeX Info: Redefining \[ on input line 2949.
LaTeX Info: Redefining \] on input line 2950.
) (C:\Users\Admin\AppData\Roaming\MiKTeX\tex/latex/datatool\datatool-l3fp.def
File: datatool-l3fp.def 2025/04/25 v3.4.1 (NLCT)
)
\@dtl@toks=\toks51
\@dtl@tmpcount=\count396
\dtl@tmplength=\skip265
\l__datatool_measure_box=\box73
\dtl@sortresult=\count397
 (C:\Users\Admin\AppData\Roaming\MiKTeX\tex/latex/datatool\datatool-utf8.ldf
File: datatool-utf8.ldf 2025/04/25 v3.4.1 (NLCT)
)
\@dtl@datatype=\count398
\l__datatool_tmpa_int=\count399
\l__datatool_tmpb_int=\count400
\l__datatool_tmpc_int=\count401
\l__datatool_tmpd_int=\count402
\l__datatool_count_int=\count403
\l__datatool_tmp_datatype_int=\count404
\l__datatool_tmpa_dim=\dimen337
\l__datatool_tmpb_dim=\dimen338
\c_datatool_unknown_int=\count405
\l__datatool_year_int=\count406
\l__datatool_month_int=\count407
\l__datatool_day_int=\count408
\l__datatool_hour_int=\count409
\l__datatool_minute_int=\count410
\l__datatool_second_int=\count411
\l__datatool_tzhour_int=\count412
\l__datatool_tzminute_int=\count413
\l__datatool_julian_int=\count414
\l__datatool_local_julian_int=\count415
\l__datatool_prefix_int=\count416
\l__datatool_suffix_int=\count417
\@dtl@foreach@level=\count418


Package tracklang Warning: No `datatool' support for dialect `vietnamese'  on input line 9908.


Package tracklang Warning: No `datatool' support for dialect `english'  on input line 9908.

\dtl@codeA=\count419
\dtl@codeB=\count420
)
\gls@level=\count421
\@gls@tmpb=\toks52
\gls@tmplen=\skip266


Package glossaries Warning: Overriding \printglossary on input line 6477.

\l__glossaries_tmpa_dim=\dimen339
\l__glossaries_tmpb_dim=\dimen340

Package glossaries Warning: Overriding `theglossary' environment on input line 7676.

\glskeylisttok=\toks53
\glslabeltok=\toks54
\glsshorttok=\toks55
\glslongtok=\toks56
(C:\Users\Admin\AppData\Roaming\MiKTeX\tex/latex/glossaries/styles\glossary-hypernav.sty
Package: glossary-hypernav 2025/08/11 v4.8 (NLCT)
) (C:\Users\Admin\AppData\Roaming\MiKTeX\tex/latex/glossaries/styles\glossary-list.sty
Package: glossary-list 2025/08/11 v4.8 (NLCT)
\glslistdottedwidth=\skip267
) (C:\Users\Admin\AppData\Roaming\MiKTeX\tex/latex/glossaries/styles\glossary-long.sty
Package: glossary-long 2025/08/11 v4.8 (NLCT)
 (C:\Program Files\MiKTeX\tex/latex/tools\longtable.sty
Package: longtable 2024-12-18 v4.23 Multi-page Table package (DPC)
\LTleft=\skip268
\LTright=\skip269
\LTpre=\skip270
\LTpost=\skip271
\LTchunksize=\count422
\LTcapwidth=\dimen341
\LT@head=\box74
\LT@firsthead=\box75
\LT@foot=\box76
\LT@lastfoot=\box77
\LT@gbox=\box78
\LT@cols=\count423
\LT@rows=\count424
\c@LT@tables=\count425
\c@LT@chunks=\count426
\LT@p@ftn=\toks57
)
\glsdescwidth=\skip272
\glspagelistwidth=\skip273
) (C:\Users\Admin\AppData\Roaming\MiKTeX\tex/latex/glossaries/styles\glossary-super.sty
Package: glossary-super 2025/08/11 v4.8 (NLCT)
 (C:\Users\Admin\AppData\Roaming\MiKTeX\tex/latex/supertabular\supertabular.sty
Package: supertabular 2024/07/20 v4.2c the supertabular environment
\c@tracingst=\count427
\ST@wd=\dimen342
\ST@rightskip=\skip274
\ST@leftskip=\skip275
\ST@parfillskip=\skip276
\ST@pageleft=\dimen343
\ST@headht=\dimen344
\ST@tailht=\dimen345
\ST@pagesofar=\dimen346
\ST@pboxht=\dimen347
\ST@rowht=\dimen348
\ST@prevht=\dimen349
\ST@toadd=\dimen350
\ST@dimen=\dimen351
\ST@pbox=\box79
)) (C:\Users\Admin\AppData\Roaming\MiKTeX\tex/latex/glossaries/styles\glossary-tree.sty
Package: glossary-tree 2025/08/11 v4.8 (NLCT)
\l__glossaries_tree_max_known_level_int=\count428
\l__glossaries_tree_offset_dim=\dimen352
\l__glossaries_tree_namewidth_dim=\dimen353
\l__glossaries_tree_symbolwidth_dim=\dimen354
\l__glossaries_tree_prenamesym_width_dim=\dimen355
\l__glossaries_tree_presubnamesym_width_dim=\dimen356
\l__glossaries_tree_namewidth_padding_dim=\dimen357
\l__glossaries_tree_symbolwidth_padding_dim=\dimen358
\l__glossaries_tree_namesymbolwidth_dim=\dimen359
\l__glossaries_tree_namesymbolwidth_padding_dim=\dimen360
\l__glossaries_tree_level_int=\count429
\glstreeindent=\skip277
)) (C:\Users\Admin\AppData\Roaming\MiKTeX\tex/latex/koma-script\scrextend.sty
Package: scrextend 2025/09/09 v3.48 KOMA-Script package (extend other classes with features of KOMA-Script classes)
 (C:\Users\Admin\AppData\Roaming\MiKTeX\tex/latex/koma-script\scrkbase.sty
Package: scrkbase 2025/09/09 v3.48 KOMA-Script package (KOMA-Script-dependent basics and keyval usage)
 (C:\Users\Admin\AppData\Roaming\MiKTeX\tex/latex/koma-script\scrbase.sty
Package: scrbase 2025/09/09 v3.48 KOMA-Script package (KOMA-Script-independent basics and keyval usage)
 (C:\Users\Admin\AppData\Roaming\MiKTeX\tex/latex/koma-script\scrlfile.sty
Package: scrlfile 2025/09/09 v3.48 KOMA-Script package (file load hooks)
 (C:\Users\Admin\AppData\Roaming\MiKTeX\tex/latex/koma-script\scrlfile-hook.sty
Package: scrlfile-hook 2025/09/09 v3.48 KOMA-Script package (using LaTeX hooks)
 (C:\Users\Admin\AppData\Roaming\MiKTeX\tex/latex/koma-script\scrlogo.sty
Package: scrlogo 2025/09/09 v3.48 KOMA-Script package (logo)
)))
Applying: [2021/05/01] Usage of raw or classic option list on input line 254.
Already applied: [0000/00/00] Usage of raw or classic option list on input line 370.
))

LaTeX Warning: Command \@footnotemark  has changed.
               Check if current package is valid.

) (C:\Users\Admin\AppData\Roaming\MiKTeX\tex/latex/placeins\placeins.sty
Package: placeins 2005/04/18  v 2.2
) (C:\Program Files\MiKTeX\tex/latex/amsfonts\amsfonts.sty
Package: amsfonts 2013/01/14 v3.01 Basic AMSFonts support
\symAMSa=\mathgroup6
\symAMSb=\mathgroup7
LaTeX Font Info:    Overwriting math alphabet `\mathfrak' in version `bold'
(Font)                  U/euf/m/n --> U/euf/b/n on input line 106.
) (C:\Program Files\MiKTeX\tex/latex/amsfonts\amssymb.sty
Package: amssymb 2013/01/14 v3.01 AMS font symbols
) (C:\Program Files\MiKTeX\tex/latex/base\textcomp.sty
Package: textcomp 2024/04/24 v2.1b Standard LaTeX package
) (C:\Users\Admin\AppData\Roaming\MiKTeX\tex/latex/dblfloatfix\dblfloatfix.sty
Package: dblfloatfix 2012/12/31 v1.0a (JAW)
 (C:\Program Files\MiKTeX\tex/latex/base\fixltx2e.sty
Package: fixltx2e 2016/12/29 v2.1a fixes to LaTeX (obsolete)
Applying: [2015/01/01] Old fixltx2e package on input line 46.


Package fixltx2e Warning: fixltx2e is not required with releases after 2015
(fixltx2e)                All fixes are now in the LaTeX kernel.
(fixltx2e)                See the latexrelease package for details.

Already applied: [0000/00/00] Old fixltx2e package on input line 53.
)
\@dblbotnum=\count430
\c@dblbotnumber=\count431
) (C:\Users\Admin\AppData\Roaming\MiKTeX\tex/latex/lineno\lineno.sty
Package: lineno 2025/05/13 line numbers on paragraphs v5.5
\linenopenalty=\count432
\output=\toks58
\linenoprevgraf=\count433
\linenumbersep=\dimen361
\linenumberwidth=\dimen362
\c@linenumber=\count434
\c@pagewiselinenumber=\count435
\c@LN@truepage=\count436
\c@internallinenumber=\count437
\c@internallinenumbers=\count438
\quotelinenumbersep=\dimen363
\bframerule=\dimen364
\bframesep=\dimen365
\bframebox=\box80
\@LN@amsmath@ams@eqpen=\count439
) (C:\Users\Admin\AppData\Roaming\MiKTeX\tex/latex/mathtools\mathtools.sty
Package: mathtools 2024/10/04 v1.31 mathematical typesetting tools
 (C:\Program Files\MiKTeX\tex/latex/tools\calc.sty
Package: calc 2025/03/01 v4.3b Infix arithmetic (KKT,FJ)
\calc@Acount=\count440
\calc@Bcount=\count441
\calc@Adimen=\dimen366
\calc@Bdimen=\dimen367
\calc@Askip=\skip278
\calc@Bskip=\skip279
LaTeX Info: Redefining \setlength on input line 86.
LaTeX Info: Redefining \addtolength on input line 87.
\calc@Ccount=\count442
\calc@Cskip=\skip280
) (C:\Users\Admin\AppData\Roaming\MiKTeX\tex/latex/mathtools\mhsetup.sty
Package: mhsetup 2021/03/18 v1.4 programming setup (MH)
)
\g_MT_multlinerow_int=\count443
\l_MT_multwidth_dim=\dimen368
\origjot=\skip281
\l_MT_shortvdotswithinadjustabove_dim=\dimen369
\l_MT_shortvdotswithinadjustbelow_dim=\dimen370
\l_MT_above_intertext_sep=\dimen371
\l_MT_below_intertext_sep=\dimen372
\l_MT_above_shortintertext_sep=\dimen373
\l_MT_below_shortintertext_sep=\dimen374
\xmathstrut@box=\box81
\xmathstrut@dim=\dimen375
) (C:\Program Files\MiKTeX\tex/latex/graphics\lscape.sty
Package: lscape 2020/05/28 v3.02 Landscape Pages (DPC)
) (C:\Users\Admin\AppData\Roaming\MiKTeX\tex/latex/lipsum\lipsum.sty (C:\Program Files\MiKTeX\tex/latex/l3packages/l3keys2e\l3keys2e.sty
Package: l3keys2e 2025-10-09 LaTeX2e option processing using LaTeX3 keys
)
Package: lipsum 2021-09-20 v2.7 150 paragraphs of Lorem Ipsum dummy text
\g__lipsum_par_int=\count444
\l__lipsum_a_int=\count445
\l__lipsum_b_int=\count446
 (C:\Users\Admin\AppData\Roaming\MiKTeX\tex/latex/lipsum\lipsum.ltd.tex)) (C:\Program Files\MiKTeX\tex/latex/blindtext\blindtext.sty
Package: blindtext 2012/01/06 V2.0 blindtext-Package
 (C:\Program Files\MiKTeX\tex/latex/tools\xspace.sty
Package: xspace 2014/10/28 v1.13 Space after command names (DPC,MH)
)
\c@blindtext=\count447
\c@Blindtext=\count448
\c@blind@countparstart=\count449
\blind@countxx=\count450
\blindtext@numBlindtext=\count451
\blind@countyy=\count452
\c@blindlist=\count453
\c@blindlistlevel=\count454
\c@blindlist@level=\count455
\blind@listitem=\count456
\c@blind@listcount=\count457
\c@blind@levelcount=\count458
\blind@mathformula=\count459
\blind@Mathformula=\count460
\c@blind@randomcount=\count461
\c@blind@randommax=\count462
\c@blind@pangramcount=\count463
\c@blind@pangrammax=\count464
)

Class memoir Warning: The titlesec package is not recommended with memoir.
(memoir)              With it we loose some of the features provides by the
(memoir)              class. We provide our own interface to adjust how 
(memoir)              sections and chapters should look like.
(memoir)              See the manual sections 6.4 through 6.6 for details.  on input line 31.

(C:\Users\Admin\AppData\Roaming\MiKTeX\tex/latex/titlesec\titlesec.sty
Package: titlesec 2025/01/04 v2.17 Sectioning titles
\ttl@box=\box82
\beforetitleunit=\skip282
\aftertitleunit=\skip283
\ttl@plus=\dimen376
\ttl@minus=\dimen377
\ttl@toksa=\toks59
\titlewidth=\dimen378
\titlewidthlast=\dimen379
\titlewidthfirst=\dimen380
) (C:\Users\Admin\AppData\Roaming\MiKTeX\tex/latex/makecell\makecell.sty
Package: makecell 2009/08/03 V0.1e Managing of Tab Column Heads and Cells
\rotheadsize=\dimen381
\c@nlinenum=\count465
\TeXr@lab=\toks60
) (C:\Users\Admin\AppData\Roaming\MiKTeX\tex/latex/caption\subcaption.sty
Package: subcaption 2023/07/28 v1.6b Sub-captions (AR)
Package caption Info: New subtype `subfigure' on input line 238.
\c@subfigure=\count466
Package caption Info: New subtype `subtable' on input line 238.
\c@subtable=\count467
) (C:\Users\Admin\AppData\Roaming\MiKTeX\tex/latex/adjustbox\adjustbox.sty
Package: adjustbox 2025/02/26 v1.3c Adjusting TeX boxes (trim, clip, ...)
 (C:\Users\Admin\AppData\Roaming\MiKTeX\tex/latex/adjustbox\adjcalc.sty
Package: adjcalc 2012/05/16 v1.1 Provides advanced setlength with multiple back-ends (calc, etex, pgfmath)
) (C:\Users\Admin\AppData\Roaming\MiKTeX\tex/latex/adjustbox\trimclip.sty
Package: trimclip 2025/02/21 v1.2a Trim and clip general TeX material
 (C:\Users\Admin\AppData\Roaming\MiKTeX\tex/latex/collectbox\collectbox.sty
Package: collectbox 2022/10/17 v0.4c Collect macro arguments as boxes
\collectedbox=\box83
)
\tc@llx=\dimen382
\tc@lly=\dimen383
\tc@urx=\dimen384
\tc@ury=\dimen385
Package trimclip Info: Using driver 'tc-pdftex.def'.
 (C:\Users\Admin\AppData\Roaming\MiKTeX\tex/latex/adjustbox\tc-pdftex.def
File: tc-pdftex.def 2025/02/26 v2.3 Clipping driver for pdftex
))
\adjbox@Width=\dimen386
\adjbox@Height=\dimen387
\adjbox@Depth=\dimen388
\adjbox@Totalheight=\dimen389
\adjbox@pwidth=\dimen390
\adjbox@pheight=\dimen391
\adjbox@pdepth=\dimen392
\adjbox@ptotalheight=\dimen393
 (C:\Users\Admin\AppData\Roaming\MiKTeX\tex/latex/ifoddpage\ifoddpage.sty
Package: ifoddpage 2022/10/18 v1.2 Conditionals for odd/even page detection
\c@checkoddpage=\count468
LaTeX Info: Redefining \checkoddpage on input line 45.
) (C:\Users\Admin\AppData\Roaming\MiKTeX\tex/latex/varwidth\varwidth.sty
Package: varwidth 2009/03/30 ver 0.92;  Variable-width minipages
\@vwid@box=\box84
\sift@deathcycles=\count469
\@vwid@loff=\dimen394
\@vwid@roff=\dimen395
)
==> First Aid for varwidth.sty applied!
) (C:\Users\Admin\AppData\Roaming\MiKTeX\tex/latex/multirow\multirow.sty
Package: multirow 2024/11/12 v2.9 Span multiple rows of a table
\multirow@colwidth=\skip284
\multirow@cntb=\count470
\multirow@dima=\skip285
\bigstrutjot=\dimen396
) (C:\Program Files\MiKTeX\tex/latex/graphics\rotating.sty
Package: rotating 2025/01/14 v2.16e rotated objects in LaTeX
\c@r@tfl@t=\count471
\rotFPtop=\skip286
\rotFPbot=\skip287
\rot@float@box=\box85
\rot@mess@toks=\toks61
) (c:/UIT\HK5\SE100\SE100-docs\tikz-uml.sty

LaTeX Warning: You have requested package `../../tikz-uml',
               but the package provides `tikz-uml'.

Package: tikz-uml 2011/01/26
(C:\Users\Admin\AppData\Roaming\MiKTeX\tex/latex/xstring\xstring.sty (C:\Users\Admin\AppData\Roaming\MiKTeX\tex/generic/xstring\xstring.tex
\xs_counta=\count472
\xs_countb=\count473
)
Package: xstring 2023/08/22 v1.86 String manipulations (CT)
) (C:\Users\Admin\AppData\Roaming\MiKTeX\tex/latex/pgfopts\pgfopts.sty
Package: pgfopts 2014/07/10 v2.1a LaTeX package options with pgfkeys
\pgfopts@list@add@a@toks=\toks62
\pgfopts@list@add@b@toks=\toks63
) (C:\Program Files\MiKTeX\tex/generic/pgf/frontendlayer/tikz/libraries\tikzlibrarybackgrounds.code.tex
File: tikzlibrarybackgrounds.code.tex 2025-08-29 v3.1.11a (3.1.11a)
\pgf@layerbox@background=\box86
\pgf@layerboxsaved@background=\box87
) (C:\Program Files\MiKTeX\tex/generic/pgf/frontendlayer/tikz/libraries\tikzlibraryarrows.code.tex
File: tikzlibraryarrows.code.tex 2025-08-29 v3.1.11a (3.1.11a)
 (C:\Program Files\MiKTeX\tex/generic/pgf/libraries\pgflibraryarrows.code.tex
File: pgflibraryarrows.code.tex 2025-08-29 v3.1.11a (3.1.11a)
\arrowsize=\dimen397
)) (C:\Program Files\MiKTeX\tex/generic/pgf/frontendlayer/tikz/libraries\tikzlibraryshapes.code.tex
File: tikzlibraryshapes.code.tex 2025-08-29 v3.1.11a (3.1.11a)
 (C:\Program Files\MiKTeX\tex/generic/pgf/frontendlayer/tikz/libraries\tikzlibraryshapes.geometric.code.tex
File: tikzlibraryshapes.geometric.code.tex 2025-08-29 v3.1.11a (3.1.11a)
 (C:\Program Files\MiKTeX\tex/generic/pgf/libraries/shapes\pgflibraryshapes.geometric.code.tex
File: pgflibraryshapes.geometric.code.tex 2025-08-29 v3.1.11a (3.1.11a)
)) (C:\Program Files\MiKTeX\tex/generic/pgf/frontendlayer/tikz/libraries\tikzlibraryshapes.misc.code.tex
File: tikzlibraryshapes.misc.code.tex 2025-08-29 v3.1.11a (3.1.11a)
 (C:\Program Files\MiKTeX\tex/generic/pgf/libraries/shapes\pgflibraryshapes.misc.code.tex
File: pgflibraryshapes.misc.code.tex 2025-08-29 v3.1.11a (3.1.11a)
)) (C:\Program Files\MiKTeX\tex/generic/pgf/frontendlayer/tikz/libraries\tikzlibraryshapes.symbols.code.tex
File: tikzlibraryshapes.symbols.code.tex 2025-08-29 v3.1.11a (3.1.11a)
 (C:\Program Files\MiKTeX\tex/generic/pgf/libraries/shapes\pgflibraryshapes.symbols.code.tex
File: pgflibraryshapes.symbols.code.tex 2025-08-29 v3.1.11a (3.1.11a)
)) (C:\Program Files\MiKTeX\tex/generic/pgf/frontendlayer/tikz/libraries\tikzlibraryshapes.arrows.code.tex
File: tikzlibraryshapes.arrows.code.tex 2025-08-29 v3.1.11a (3.1.11a)
 (C:\Program Files\MiKTeX\tex/generic/pgf/libraries/shapes\pgflibraryshapes.arrows.code.tex
File: pgflibraryshapes.arrows.code.tex 2025-08-29 v3.1.11a (3.1.11a)
)) (C:\Program Files\MiKTeX\tex/generic/pgf/frontendlayer/tikz/libraries\tikzlibraryshapes.callouts.code.tex (C:\Program Files\MiKTeX\tex/generic/pgf/libraries/shapes\pgflibraryshapes.callouts.code.tex)) (C:\Program Files\MiKTeX\tex/generic/pgf/frontendlayer/tikz/libraries\tikzlibraryshapes.multipart.code.tex
File: tikzlibraryshapes.multipart.code.tex 2025-08-29 v3.1.11a (3.1.11a)
 (C:\Program Files\MiKTeX\tex/generic/pgf/libraries/shapes\pgflibraryshapes.multipart.code.tex
File: pgflibraryshapes.multipart.code.tex 2025-08-29 v3.1.11a (3.1.11a)
\pgfnodepartlowerbox=\box88
\pgfnodeparttwobox=\box89
\pgfnodepartthreebox=\box90
\pgfnodepartfourbox=\box91
\pgfnodeparttwentybox=\box92
\pgfnodepartnineteenbox=\box93
\pgfnodeparteighteenbox=\box94
\pgfnodepartseventeenbox=\box95
\pgfnodepartsixteenbox=\box96
\pgfnodepartfifteenbox=\box97
\pgfnodepartfourteenbox=\box98
\pgfnodepartthirteenbox=\box99
\pgfnodeparttwelvebox=\box100
\pgfnodepartelevenbox=\box101
\pgfnodeparttenbox=\box102
\pgfnodepartninebox=\box103
\pgfnodeparteightbox=\box104
\pgfnodepartsevenbox=\box105
\pgfnodepartsixbox=\box106
\pgfnodepartfivebox=\box107
))) (C:\Program Files\MiKTeX\tex/generic/pgf/frontendlayer/tikz/libraries\tikzlibraryfit.code.tex
File: tikzlibraryfit.code.tex 2025-08-29 v3.1.11a (3.1.11a)
) (C:\Program Files\MiKTeX\tex/generic/pgf/frontendlayer/tikz/libraries\tikzlibraryshadows.code.tex
File: tikzlibraryshadows.code.tex 2025-08-29 v3.1.11a (3.1.11a)
 (C:\Program Files\MiKTeX\tex/generic/pgf/frontendlayer/tikz/libraries\tikzlibraryfadings.code.tex
File: tikzlibraryfadings.code.tex 2025-08-29 v3.1.11a (3.1.11a)
 (C:\Program Files\MiKTeX\tex/generic/pgf/libraries\pgflibraryfadings.code.tex
File: pgflibraryfadings.code.tex 2025-08-29 v3.1.11a (3.1.11a)
))) (C:\Program Files\MiKTeX\tex/generic/pgf/frontendlayer/tikz/libraries\tikzlibrarydecorations.markings.code.tex (C:\Program Files\MiKTeX\tex/generic/pgf/frontendlayer/tikz/libraries\tikzlibrarydecorations.code.tex (C:\Program Files\MiKTeX\tex/generic/pgf/modules\pgfmoduledecorations.code.tex
\pgfdecoratedcompleteddistance=\dimen398
\pgfdecoratedremainingdistance=\dimen399
\pgfdecoratedinputsegmentcompleteddistance=\dimen400
\pgfdecoratedinputsegmentremainingdistance=\dimen401
\pgf@decorate@distancetomove=\dimen402
\pgf@decorate@repeatstate=\count474
\pgfdecorationsegmentamplitude=\dimen403
\pgfdecorationsegmentlength=\dimen404
)
\tikz@lib@dec@box=\box108
) (C:\Program Files\MiKTeX\tex/generic/pgf/libraries/decorations\pgflibrarydecorations.markings.code.tex))
\c@tikzumlPackageLayers=\count475
\pgf@layerbox@package0=\box109
\pgf@layerboxsaved@package0=\box110
\pgf@layerbox@package1=\box111
\pgf@layerboxsaved@package1=\box112
\pgf@layerbox@package2=\box113
\pgf@layerboxsaved@package2=\box114
\pgf@layerbox@package3=\box115
\pgf@layerboxsaved@package3=\box116
\c@tikzumlFragmentLayers=\count476
\pgf@layerbox@fragment0=\box117
\pgf@layerboxsaved@fragment0=\box118
\pgf@layerbox@fragment1=\box119
\pgf@layerboxsaved@fragment1=\box120
\pgf@layerbox@fragment2=\box121
\pgf@layerboxsaved@fragment2=\box122
\pgf@layerbox@fragment3=\box123
\pgf@layerboxsaved@fragment3=\box124
\c@tikzumlStateLayers=\count477
\pgf@layerbox@state0=\box125
\pgf@layerboxsaved@state0=\box126
\pgf@layerbox@state1=\box127
\pgf@layerboxsaved@state1=\box128
\pgf@layerbox@state2=\box129
\pgf@layerboxsaved@state2=\box130
\pgf@layerbox@state3=\box131
\pgf@layerboxsaved@state3=\box132
\c@tikzumlComponentLayers=\count478
\pgf@layerbox@component0=\box133
\pgf@layerboxsaved@component0=\box134
\pgf@layerbox@component1=\box135
\pgf@layerboxsaved@component1=\box136
\pgf@layerbox@component2=\box137
\pgf@layerboxsaved@component2=\box138
\pgf@layerbox@component3=\box139
\pgf@layerboxsaved@component3=\box140
\pgf@layerbox@lifelines=\box141
\pgf@layerboxsaved@lifelines=\box142
\pgf@layerbox@activity=\box143
\pgf@layerboxsaved@activity=\box144
\pgf@layerbox@connections=\box145
\pgf@layerboxsaved@connections=\box146
\c@tikzumlPackageClassNum=\count479
\c@tikzumlPackageSubPackageNum=\count480
\c@tikzumlRelationNum=\count481
\c@tikzumlNoteNum=\count482
\c@pos=\count483
\c@posT=\count484
\c@posStereo=\count485
\c@tikzumlPackageLevel=\count486
\tikzumlNestingSymbolSize=\dimen405
\c@tikzumlSystemUseCaseNum=\count487
\c@tikzumlSystemLevel=\count488
\c@tikzumlUseCaseNum=\count489
\c@tikzumlActorNum=\count490
\c@tikzumlStateJoinNum=\count491
\c@tikzumlStateDecisionNum=\count492
\c@tikzumlStateInitialNum=\count493
\c@tikzumlStateFinalNum=\count494
\c@tikzumlStateEnterNum=\count495
\c@tikzumlStateExitNum=\count496
\c@tikzumlStateEndNum=\count497
\c@tikzumlStateHistoryNum=\count498
\c@tikzumlStateDeepHistoryNum=\count499
\c@tikzumlStateLevel=\count500
\c@tikzumlStateSubStateNum=\count501
\c@tikzumlStateText=\count502
\c@tikzumlObjectNum=\count503
\c@tikzumlCallLevel=\count504
\c@tikzumlCallNum=\count505
\c@tikzumlFragmentLevel=\count506
\c@tikzumlFragmentLevelNum=\count507
\c@tikzumlFragmentNum=\count508
\c@tikzumlFragmentPartNum=\count509
\c@tikzumlCallStartFragmentNum=\count510
\c@tikzumlCallEndFragmentNum=\count511
\c@tikzumlSDNodeNum=\count512
\tikzumlCall@xa=\skip288
\tikzumlCall@xb=\skip289
\c@tikzumlComponentLevel=\count513
\c@tikzumlComponentSubComponentNum=\count514
\c@tikzumlConnectorNum=\count515
\tikzuml@AC@xa=\skip290
\tikzuml@AC@ya=\skip291
\tikzuml@AC@xb=\skip292
\tikzuml@AC@yb=\skip293
\tikzuml@AC@xi=\skip294
\tikzuml@AC@yi=\skip295
\tikzuml@AC@xic=\skip296
\tikzuml@AC@yic=\skip297
\tikzuml@AC@xio=\skip298
\tikzuml@AC@yio=\skip299
\tikzuml@AC@AB=\skip300
\tikzuml@AC@lambda=\skip301
\tikzuml@AC@xtrc=\skip302
\tikzuml@AC@ytrc=\skip303
\tikzuml@AC@xtlc=\skip304
\tikzuml@AC@ytlc=\skip305
\tikzuml@AC@xblc=\skip306
\tikzuml@AC@yblc=\skip307
\tikzuml@AC@xbrc=\skip308
\tikzuml@AC@ybrc=\skip309
\tikzuml@AC@middleArm=\skip310
) (C:\Users\Admin\AppData\Roaming\MiKTeX\tex/latex/underscore\underscore.sty
Package: underscore 2006/09/13
LaTeX Info: Redefining \_ on input line 42.
)
==> First Aid for underscore.sty applied!
(C:\Program Files\MiKTeX\tex/latex/firstaid\underscore-ltx.sty
Package: underscore-ltx 2023/09/20 LaTeX firstaid to make underscore protected 
) (C:\Program Files\MiKTeX\tex/generic/pgf/frontendlayer/tikz/libraries\tikzlibrarycalc.code.tex
File: tikzlibrarycalc.code.tex 2025-08-29 v3.1.11a (3.1.11a)
)
Package hyperref Info: Option `colorlinks' set `true' on input line 42.
\chaptertopmargin=\skip311
Package hyperref Info: Option `colorlinks' set `true' on input line 119.
 (C:\Users\Admin\AppData\Roaming\MiKTeX\tex/latex/enumitem\enumitem.sty
Package: enumitem 2025/02/06 v3.11 Customized lists
\labelindent=\skip312
\enit@outerparindent=\dimen406
\enit@toks=\toks64
\enit@inbox=\box147
\enit@count@id=\count516
\enitdp@description=\count517
)) (C:\Users\Admin\AppData\Roaming\MiKTeX\tex/latex/subfiles\subfiles.sty
Package: subfiles 2020/11/14 v2.2 Multi-file projects (package)
))) (C:\Users\Admin\AppData\Roaming\MiKTeX\tex/latex/float\float.sty
Package: float 2001/11/08 v1.3d Float enhancements (AL)
\c@float@type=\count518
\float@exts=\toks65
\float@box=\box148
\@float@everytoks=\toks66
\@floatcapt=\box149
) (C:\Users\Admin\AppData\Roaming\MiKTeX\tex/latex/colortbl\colortbl.sty
Package: colortbl 2024/10/29 v1.0k Color table columns (DPC)
\everycr=\toks67
\minrowclearance=\skip313
\rownum=\count519
)

Package array Warning: Column C is already defined on input line 24.

(c:/UIT\HK5\SE100\SE100-docs\workspace\build\chapter4.aux)
\openout1 = `chapter4.aux'.

LaTeX Font Info:    Checking defaults for OML/cmm/m/it on input line 26.
LaTeX Font Info:    ... okay on input line 26.
LaTeX Font Info:    Checking defaults for OMS/cmsy/m/n on input line 26.
LaTeX Font Info:    ... okay on input line 26.
LaTeX Font Info:    Checking defaults for OT1/cmr/m/n on input line 26.
LaTeX Font Info:    ... okay on input line 26.
LaTeX Font Info:    Checking defaults for T1/cmr/m/n on input line 26.
LaTeX Font Info:    ... okay on input line 26.
LaTeX Font Info:    Checking defaults for TS1/cmr/m/n on input line 26.
LaTeX Font Info:    ... okay on input line 26.
LaTeX Font Info:    Checking defaults for OMX/cmex/m/n on input line 26.
LaTeX Font Info:    ... okay on input line 26.
LaTeX Font Info:    Checking defaults for U/cmr/m/n on input line 26.
LaTeX Font Info:    ... okay on input line 26.
LaTeX Font Info:    Checking defaults for T5/cmr/m/n on input line 26.
LaTeX Font Info:    Trying to load font information for T5+cmr on input line 26.
 (C:\Users\Admin\AppData\Roaming\MiKTeX\tex/latex/vntex\t5cmr.fd
File: t5cmr.fd 1999/05/25 v2.5h Standard LaTeX font definitions
)
LaTeX Font Info:    ... okay on input line 26.
LaTeX Font Info:    Checking defaults for PD1/pdf/m/n on input line 26.
LaTeX Font Info:    ... okay on input line 26.
LaTeX Font Info:    Checking defaults for PU/pdf/m/n on input line 26.
LaTeX Font Info:    ... okay on input line 26.

*geometry* driver: auto-detecting
*geometry* detected driver: pdftex
*geometry* verbose mode - [ preamble ] result:
* driver: pdftex
* paper: a4paper
* layout: <same size as paper>
* layoutoffset:(h,v)=(0.0pt,0.0pt)
* modes: includehead includefoot twoside 
* h-part:(L,W,R)=(71.13188pt, 455.24411pt, 71.13188pt)
* v-part:(T,H,B)=(71.13188pt, 702.78308pt, 71.13188pt)
* \paperwidth=597.50787pt
* \paperheight=845.04684pt
* \textwidth=455.24411pt
* \textheight=632.19432pt
* \oddsidemargin=-1.1381pt
* \evensidemargin=-1.1381pt
* \topmargin=-1.1381pt
* \headheight=20.0pt
* \headsep=21.68121pt
* \topskip=14.4pt
* \footskip=28.90755pt
* \marginparwidth=51.0pt
* \marginparsep=7.0pt
* \columnsep=10.0pt
* \skip\footins=11.69997pt plus 5.19942pt minus 2.60054pt
* \hoffset=0.0pt
* \voffset=0.0pt
* \mag=1000
* \@twocolumnfalse
* \@twosidetrue
* \@mparswitchtrue
* \@reversemarginfalse
* (1in=72.27pt=25.4mm, 1cm=28.453pt)

(C:\Program Files\MiKTeX\tex/context/base/mkii\supp-pdf.mkii
[Loading MPS to PDF converter (version 2006.09.02).]
\scratchcounter=\count520
\scratchdimen=\dimen407
\scratchbox=\box150
\nofMPsegments=\count521
\nofMParguments=\count522
\everyMPshowfont=\toks68
\MPscratchCnt=\count523
\MPscratchDim=\dimen408
\MPnumerator=\count524
\makeMPintoPDFobject=\count525
\everyMPtoPDFconversion=\toks69
) (C:\Program Files\MiKTeX\tex/latex/epstopdf-pkg\epstopdf-base.sty
Package: epstopdf-base 2020-01-24 v2.11 Base part for package epstopdf
Package epstopdf-base Info: Redefining graphics rule for `.eps' on input line 485.
 (C:\Program Files\MiKTeX\tex/latex/00miktex\epstopdf-sys.cfg
File: epstopdf-sys.cfg 2021/03/18 v2.0 Configuration of epstopdf for MiKTeX
))
Package caption Info: Begin \AtBeginDocument code.
Package caption Info: float package is loaded.
Package caption Info: hyperref package is loaded.
Package caption Info: listings package is loaded.
Package caption Info: longtable package is loaded.
 (C:\Users\Admin\AppData\Roaming\MiKTeX\tex/latex/caption\ltcaption.sty
Package: ltcaption 2021/01/08 v1.4c longtable captions (AR)
)
Package caption Info: rotating package is loaded.
Package caption Info: scrextend package is loaded.
\caption@addmargin@hsize=\dimen409
\caption@addmargin@linewidth=\dimen410
Package caption Info: supertabular package is loaded.
Package caption Info: End \AtBeginDocument code.
Package hyperref Info: Link coloring ON on input line 26.
 (c:/UIT\HK5\SE100\SE100-docs\workspace\build\chapter4.out) (c:/UIT\HK5\SE100\SE100-docs\workspace\build\chapter4.out)
\@outlinefile=\write5
\openout5 = `chapter4.out'.

\c@lstlisting=\count526

Ch\uhorn \ohorn ng 1.
<../../../assets/nhan/UML.png, id=150, 3754.025pt x 6413.9625pt>
File: ../../../assets/nhan/UML.png Graphic file (type png)
<use ../../../assets/nhan/UML.png>
Package pdftex.def Info: ../../../assets/nhan/UML.png  used on input line 36.
(pdftex.def)             Requested size: 192.40935pt x 328.74217pt.
(subfiles/organization.tex
Overfull \hbox (14.03032pt too wide) in alignment at lines 5--14
 [] [] [] [] [] 
 []


Overfull \hbox (14.03032pt too wide) in alignment at lines 14--24
 [] [] [] [] [] 
 []


Overfull \hbox (14.03032pt too wide) in alignment at lines 24--38
 [] [] [] [] [] 
 []



[1


{C:/Users/Admin/AppData/Local/MiKTeX/fonts/map/pdftex/pdftex.map}{C:/Users/Admin/AppData/Roaming/MiKTeX/fonts/enc/dvips/vntex/t5.enc} <../../../assets/nhan/UML.png>]
LaTeX Font Info:    Trying to load font information for TS1+ptm on input line 42.
 (C:\Users\Admin\AppData\Roaming\MiKTeX\tex/latex/psnfss\ts1ptm.fd
File: ts1ptm.fd 2001/06/04 font definitions for TS1/ptm.
)
LaTeX Font Info:    Trying to load font information for T5+cmtt on input line 42.
 (C:\Users\Admin\AppData\Roaming\MiKTeX\tex/latex/vntex\t5cmtt.fd
File: t5cmtt.fd 1999/05/25 v2.5h Standard LaTeX font definitions
)) (subfiles/branch.tex
Overfull \hbox (14.03032pt too wide) in alignment at lines 5--14
 [] [] [] [] [] 
 []


Overfull \hbox (14.03032pt too wide) in alignment at lines 14--24
 [] [] [] [] [] 
 []


Overfull \hbox (14.03032pt too wide) in alignment at lines 24--38
 [] [] [] [] [] 
 []

[2{C:/Program Files/MiKTeX/fonts/enc/dvips/base/8r.enc}]) (subfiles/product.tex
Overfull \hbox (14.03032pt too wide) in alignment at lines 5--14
 [] [] [] [] [] 
 []


Overfull \hbox (14.03032pt too wide) in alignment at lines 14--24
 [] [] [] [] [] 
 []


Overfull \hbox (14.03032pt too wide) in alignment at lines 24--40
 [] [] [] [] [] 
 []

) (subfiles/productvariant.tex
Overfull \hbox (14.03032pt too wide) in alignment at lines 5--14
 [] [] [] [] [] 
 []


Overfull \hbox (14.03032pt too wide) in alignment at lines 14--24
 [] [] [] [] [] 
 []


Overfull \hbox (14.03032pt too wide) in alignment at lines 24--40
 [] [] [] [] [] 
 []



[3]) (subfiles/category.tex
Overfull \hbox (14.03032pt too wide) in alignment at lines 5--14
 [] [] [] [] [] 
 []


Overfull \hbox (14.03032pt too wide) in alignment at lines 14--24
 [] [] [] [] [] 
 []


Overfull \hbox (14.03032pt too wide) in alignment at lines 24--32
 [] [] [] [] [] 
 []

) (subfiles/brand.tex
Overfull \hbox (14.03032pt too wide) in alignment at lines 5--14
 [] [] [] [] [] 
 []


Overfull \hbox (14.03032pt too wide) in alignment at lines 14--24
 [] [] [] [] [] 
 []


Overfull \hbox (14.03032pt too wide) in alignment at lines 24--30
 [] [] [] [] [] 
 []



[4]) (subfiles/supplier.tex
Overfull \hbox (14.03032pt too wide) in alignment at lines 5--14
 [] [] [] [] [] 
 []


Overfull \hbox (14.03032pt too wide) in alignment at lines 14--24
 [] [] [] [] [] 
 []


Overfull \hbox (14.03032pt too wide) in alignment at lines 24--36
 [] [] [] [] [] 
 []

) (subfiles/purchaseorder.tex
Overfull \hbox (14.03032pt too wide) in alignment at lines 5--14
 [] [] [] [] [] 
 []


Overfull \hbox (14.03032pt too wide) in alignment at lines 14--24
 [] [] [] [] [] 
 []


Overfull \hbox (23.2177pt too wide) in paragraph at lines 34--34
[]|\T5/ptm/m/n/13 PurchaseOrderStatus|  
 []


Overfull \hbox (14.03032pt too wide) in alignment at lines 24--36
 [] [] [] [] [] 
 []

[5]) (subfiles/purchaseorderitem.tex
Overfull \hbox (14.03032pt too wide) in alignment at lines 5--14
 [] [] [] [] [] 
 []


Overfull \hbox (14.03032pt too wide) in alignment at lines 14--24
 [] [] [] [] [] 
 []


Overfull \hbox (14.03032pt too wide) in alignment at lines 24--32
 [] [] [] [] [] 
 []

) (subfiles/transferorder.tex
Overfull \hbox (14.03032pt too wide) in alignment at lines 5--14
 [] [] [] [] [] 
 []


Overfull \hbox (14.03032pt too wide) in alignment at lines 14--24
 [] [] [] [] [] 
 []


Overfull \hbox (14.03032pt too wide) in alignment at lines 24--38
 [] [] [] [] [] 
 []

[6]) (subfiles/transferorderitem.tex
Overfull \hbox (14.03032pt too wide) in alignment at lines 5--14
 [] [] [] [] [] 
 []


Overfull \hbox (14.03032pt too wide) in alignment at lines 14--24
 [] [] [] [] [] 
 []


Overfull \hbox (14.03032pt too wide) in alignment at lines 24--34
 [] [] [] [] [] 
 []

) (subfiles/storagezone.tex
Overfull \hbox (14.03032pt too wide) in alignment at lines 5--14
 [] [] [] [] [] 
 []


Overfull \hbox (14.03032pt too wide) in alignment at lines 14--24
 [] [] [] [] [] 
 []


Overfull \hbox (14.03032pt too wide) in alignment at lines 24--34
 [] [] [] [] [] 
 []



[7]) (subfiles/inventorybatch.tex
Overfull \hbox (14.03032pt too wide) in alignment at lines 5--14
 [] [] [] [] [] 
 []


Overfull \hbox (14.03032pt too wide) in alignment at lines 14--24
 [] [] [] [] [] 
 []


Overfull \hbox (14.03032pt too wide) in alignment at lines 24--40
 [] [] [] [] [] 
 []

) (subfiles/inventorytransaction.tex
Overfull \hbox (14.03032pt too wide) in alignment at lines 5--14
 [] [] [] [] [] 
 []


Overfull \hbox (14.03032pt too wide) in alignment at lines 14--24
 [] [] [] [] [] 
 []


Overfull \hbox (14.03032pt too wide) in alignment at lines 24--40
 [] [] [] [] [] 
 []



[8]) (subfiles/user.tex
Overfull \hbox (14.03032pt too wide) in alignment at lines 5--14
 [] [] [] [] [] 
 []


Overfull \hbox (14.03032pt too wide) in alignment at lines 14--24
 [] [] [] [] [] 
 []


Overfull \hbox (14.03032pt too wide) in alignment at lines 24--38
 [] [] [] [] [] 
 []

[9]) (subfiles/role.tex
Overfull \hbox (14.03032pt too wide) in alignment at lines 5--14
 [] [] [] [] [] 
 []


Overfull \hbox (14.03032pt too wide) in alignment at lines 14--24
 [] [] [] [] [] 
 []


Overfull \hbox (14.03032pt too wide) in alignment at lines 24--32
 [] [] [] [] [] 
 []

) (subfiles/permission.tex
Overfull \hbox (14.03032pt too wide) in alignment at lines 5--14
 [] [] [] [] [] 
 []


Overfull \hbox (14.03032pt too wide) in alignment at lines 14--24
 [] [] [] [] [] 
 []


Overfull \hbox (14.03032pt too wide) in alignment at lines 24--32
 [] [] [] [] [] 
 []

) (subfiles/auditlog.tex
Overfull \hbox (14.03032pt too wide) in alignment at lines 5--14
 [] [] [] [] [] 
 []


Overfull \hbox (14.03032pt too wide) in alignment at lines 14--24
 [] [] [] [] [] 
 []


Overfull \hbox (14.03032pt too wide) in alignment at lines 24--36
 [] [] [] [] [] 
 []



[10]) (subfiles/purchaseorderstatus.tex) (subfiles/transferstatus.tex [11]) (subfiles/batchstatus.tex) (subfiles/transactiontype.tex) (subfiles/zonetype.tex [12]) (subfiles/storagerequirement.tex) (subfiles/unitofmeasure.tex) (subfiles/actiontype.tex)

[13] (c:/UIT\HK5\SE100\SE100-docs\workspace\build\chapter4.aux)
 ***********
LaTeX2e <2025-06-01> patch level 1
L3 programming layer <2020/03/25>
 ***********
Package rerunfilecheck Info: File `chapter4.out' has not changed.
(rerunfilecheck)             Checksum: B2E2D6D3918E0D1BC69F9588E95D6F85;3671.
 ) 
Here is how much of TeX's memory you used:
 46326 strings out of 468080
 916265 string characters out of 5435839
 1606348 words of memory out of 5000000
 74095 multiletter control sequences out of 15000+600000
 655218 words of font info for 57 fonts, out of 8000000 for 9000
 1141 hyphenation exceptions out of 8191
 143i,11n,138p,2607b,721s stack positions out of 10000i,1000n,20000p,200000b,200000s
<C:/Users/Admin/AppData/Roaming/MiKTeX/fonts/type1/vntex/urwvn/utmb8v.pfb><C:/Program Files/MiKTeX/fonts/type1/urw/times/utmr8a.pfb><C:/Users/Admin/AppData/Roaming/MiKTeX/fonts/type1/vntex/urwvn/utmr8v.pfb><C:/Users/Admin/AppData/Roaming/MiKTeX/fonts/type1/vntex/vnr/vntt12.pfb>
Output written on c:/UIT\HK5\SE100\SE100-docs\workspace\build\chapter4.pdf (13 pages, 964762 bytes).
PDF statistics:
 276 PDF objects out of 1000 (max. 8388607)
 71 named destinations out of 1000 (max. 500000)
 354 words of extra memory for PDF output out of 10000 (max. 10000000)

