\BOOKMARK [0][-]{chapter.1}{\376\377\000C\000l\000a\000s\000s\000\040\000D\000i\000a\000g\000r\000a\000m}{}% 1
\BOOKMARK [1][-]{section.1.1}{\376\377\000C\000l\000a\000s\000s\000\040\000D\000i\000a\000g\000r\000a\000m}{chapter.1}% 2
\BOOKMARK [1][-]{section.1.2}{\376\377\000C\000l\000a\000s\000s\000\040\000D\000i\000a\000g\000r\000a\000m\000\040\000E\000x\000p\000l\000a\000n\000a\000t\000i\000o\000n}{chapter.1}% 3
\BOOKMARK [2][-]{subsection.1.2.1}{\376\377\000O\000r\000g\000a\000n\000i\000z\000a\000t\000i\000o\000n}{section.1.2}% 4
\BOOKMARK [2][-]{subsection.1.2.2}{\376\377\000B\000r\000a\000n\000c\000h}{section.1.2}% 5
\BOOKMARK [2][-]{subsection.1.2.3}{\376\377\000P\000r\000o\000d\000u\000c\000t}{section.1.2}% 6
\BOOKMARK [2][-]{subsection.1.2.4}{\376\377\000P\000r\000o\000d\000u\000c\000t\000V\000a\000r\000i\000a\000n\000t}{section.1.2}% 7
\BOOKMARK [2][-]{subsection.1.2.5}{\376\377\000C\000a\000t\000e\000g\000o\000r\000y}{section.1.2}% 8
\BOOKMARK [2][-]{subsection.1.2.6}{\376\377\000B\000r\000a\000n\000d}{section.1.2}% 9
\BOOKMARK [2][-]{subsection.1.2.7}{\376\377\000S\000u\000p\000p\000l\000i\000e\000r}{section.1.2}% 10
\BOOKMARK [2][-]{subsection.1.2.8}{\376\377\000P\000u\000r\000c\000h\000a\000s\000e\000O\000r\000d\000e\000r}{section.1.2}% 11
\BOOKMARK [2][-]{subsection.1.2.9}{\376\377\000P\000u\000r\000c\000h\000a\000s\000e\000O\000r\000d\000e\000r\000I\000t\000e\000m}{section.1.2}% 12
\BOOKMARK [2][-]{subsection.1.2.10}{\376\377\000T\000r\000a\000n\000s\000f\000e\000r\000O\000r\000d\000e\000r}{section.1.2}% 13
\BOOKMARK [2][-]{subsection.1.2.11}{\376\377\000T\000r\000a\000n\000s\000f\000e\000r\000O\000r\000d\000e\000r\000I\000t\000e\000m}{section.1.2}% 14
\BOOKMARK [2][-]{subsection.1.2.12}{\376\377\000S\000t\000o\000r\000a\000g\000e\000Z\000o\000n\000e}{section.1.2}% 15
\BOOKMARK [2][-]{subsection.1.2.13}{\376\377\000I\000n\000v\000e\000n\000t\000o\000r\000y\000B\000a\000t\000c\000h}{section.1.2}% 16
\BOOKMARK [2][-]{subsection.1.2.14}{\376\377\000I\000n\000v\000e\000n\000t\000o\000r\000y\000T\000r\000a\000n\000s\000a\000c\000t\000i\000o\000n}{section.1.2}% 17
\BOOKMARK [2][-]{subsection.1.2.15}{\376\377\000U\000s\000e\000r}{section.1.2}% 18
\BOOKMARK [2][-]{subsection.1.2.16}{\376\377\000R\000o\000l\000e}{section.1.2}% 19
\BOOKMARK [2][-]{subsection.1.2.17}{\376\377\000P\000e\000r\000m\000i\000s\000s\000i\000o\000n}{section.1.2}% 20
\BOOKMARK [2][-]{subsection.1.2.18}{\376\377\000A\000u\000d\000i\000t\000L\000o\000g}{section.1.2}% 21
\BOOKMARK [1][-]{section.1.3}{\376\377\000E\000n\000u\000m\000e\000r\000a\000t\000i\000o\000n\000\040\000T\000y\000p\000e\000s}{chapter.1}% 22
\BOOKMARK [2][-]{subsection.1.3.1}{\376\377\000P\000u\000r\000c\000h\000a\000s\000e\000O\000r\000d\000e\000r\000S\000t\000a\000t\000u\000s}{section.1.3}% 23
\BOOKMARK [2][-]{subsection.1.3.2}{\376\377\000T\000r\000a\000n\000s\000f\000e\000r\000S\000t\000a\000t\000u\000s}{section.1.3}% 24
\BOOKMARK [2][-]{subsection.1.3.3}{\376\377\000B\000a\000t\000c\000h\000S\000t\000a\000t\000u\000s}{section.1.3}% 25
\BOOKMARK [2][-]{subsection.1.3.4}{\376\377\000T\000r\000a\000n\000s\000a\000c\000t\000i\000o\000n\000T\000y\000p\000e}{section.1.3}% 26
\BOOKMARK [2][-]{subsection.1.3.5}{\376\377\000Z\000o\000n\000e\000T\000y\000p\000e}{section.1.3}% 27
\BOOKMARK [2][-]{subsection.1.3.6}{\376\377\000S\000t\000o\000r\000a\000g\000e\000R\000e\000q\000u\000i\000r\000e\000m\000e\000n\000t}{section.1.3}% 28
\BOOKMARK [2][-]{subsection.1.3.7}{\376\377\000U\000n\000i\000t\000O\000f\000M\000e\000a\000s\000u\000r\000e}{section.1.3}% 29
\BOOKMARK [2][-]{subsection.1.3.8}{\376\377\000A\000c\000t\000i\000o\000n\000T\000y\000p\000e}{section.1.3}% 30
