\BOOKMARK [0][-]{chapter.1}{\376\377\000G\000i\036\333\000i\000\040\000t\000h\000i\036\307\000u}{}% 1
\BOOKMARK [1][-]{section.1.1}{\376\377\000G\000i\036\333\000i\000\040\000t\000h\000i\036\307\000u}{chapter.1}% 2
\BOOKMARK [2][-]{subsection.1.1.1}{\376\377\000C\000\341\000c\000\040\000h\000o\036\241\000t\000\040\001\021\036\331\000n\000g\000\040\000c\000h\000\355\000n\000h\000\040\000t\000r\000o\000n\000g\000\040\000q\000u\036\243\000n\000\040\000l\000\375\000\040\000k\000h\000o\000:}{section.1.1}% 3
\BOOKMARK [2][-]{subsection.1.1.2}{\376\377\000V\000a\000i\000\040\000t\000r\000\362\000\040\000c\036\347\000a\000\040\000q\000u\036\243\000n\000\040\000l\000\375\000\040\000k\000h\000o}{section.1.1}% 4
\BOOKMARK [1][-]{section.1.2}{\376\377\000K\000h\036\243\000o\000\040\000s\000\341\000t\000\040\000t\000h\036\361\000c\000\040\000t\000r\036\241\000n\000g}{chapter.1}% 5
\BOOKMARK [2][-]{subsection.1.2.1}{\376\377\000C\000\341\000c\000\040\000q\000u\000y\000\040\000m\000\364\000\040\000v\000\340\000\040\000p\000h\036\247\000n\000\040\000m\036\301\000m\000\040\000h\000i\036\307\000n\000\040\000n\000a\000y}{section.1.2}% 6
\BOOKMARK [2][-]{subsection.1.2.2}{\376\377\001\020\036\321\000i\000\040\000t\001\260\036\343\000n\000g\000\040\000h\001\260\036\333\000n\000g\000\040\001\021\036\277\000n}{section.1.2}% 7
\BOOKMARK [2][-]{subsection.1.2.3}{\376\377\000Q\000u\000y\000\040\000t\000r\000\354\000n\000h\000\040\000s\036\355\000\040\000d\036\345\000n\000g}{section.1.2}% 8
\BOOKMARK [2][-]{subsection.1.2.4}{\376\377\000N\000g\000h\000i\036\307\000p\000\040\000v\036\345\000\040\000n\000h\036\255\000p\000\040\000k\000h\000o}{section.1.2}% 9
\BOOKMARK [2][-]{subsection.1.2.5}{\376\377\000N\000g\000h\000i\036\307\000p\000\040\000v\036\345\000\040\000x\000u\036\245\000t\000\040\000k\000h\000o}{section.1.2}% 10
\BOOKMARK [2][-]{subsection.1.2.6}{\376\377\000N\000g\000h\000i\036\307\000p\000\040\000v\036\345\000\040\000l\001\260\000u\000\040\000k\000h\000o}{section.1.2}% 11
\BOOKMARK [2][-]{subsection.1.2.7}{\376\377\000N\000g\000h\000i\036\307\000p\000\040\000v\036\345\000\040\000k\000i\036\303\000m\000\040\000k\000\352\000\040\000k\000h\000o}{section.1.2}% 12
\BOOKMARK [2][-]{subsection.1.2.8}{\376\377\000N\000g\000h\000i\036\307\000p\000\040\000v\036\345\000\040\000b\000\341\000o\000\040\000c\000\341\000o\000\040\000k\000h\000o}{section.1.2}% 13
\BOOKMARK [2][-]{subsection.1.2.9}{\376\377\000N\000g\000h\000i\036\307\000p\000\040\000v\036\345\000\040\000q\000u\036\243\000n\000\040\000l\000\375\000\040\000v\036\313\000\040\000t\000r\000\355\000\040\000k\000h\000o}{section.1.2}% 14
\BOOKMARK [2][-]{subsection.1.2.10}{\376\377\000N\000g\000h\000i\036\307\000p\000\040\000v\036\345\000\040\001\020\036\243\000m\000\040\000b\036\243\000o\000\040\000a\000n\000\040\000t\000o\000\340\000n\000\040\000k\000h\000o}{section.1.2}% 15
\BOOKMARK [1][-]{section.1.3}{\376\377\000T\000\355\000n\000h\000\040\000n\001\003\000n\000g\000\040\000h\036\307\000\040\000t\000h\036\321\000n\000g}{chapter.1}% 16
\BOOKMARK [2][-]{subsection.1.3.1}{\376\377\000M\000o\000d\000u\000l\000e\000\040\000Q\000u\036\243\000n\000\040\000l\000\375\000\040\000N\000h\036\255\000p\000\040\000k\000h\000o}{section.1.3}% 17
\BOOKMARK [2][-]{subsection.1.3.2}{\376\377\000M\000o\000d\000u\000l\000e\000\040\000Q\000u\036\243\000n\000\040\000l\000\375\000\040\000X\000u\036\245\000t\000\040\000k\000h\000o\000\040\000\046\000\040\000L\000u\000\342\000n\000\040\000c\000h\000u\000y\036\303\000n}{section.1.3}% 18
\BOOKMARK [2][-]{subsection.1.3.3}{\376\377\000M\000o\000d\000u\000l\000e\000\040\000Q\000u\036\243\000n\000\040\000l\000\375\000\040\000T\036\323\000n\000\040\000k\000h\000o\000\040\000\046\000\040\000K\000i\036\303\000m\000\040\000k\000\352}{section.1.3}% 19
\BOOKMARK [2][-]{subsection.1.3.4}{\376\377\000M\000o\000d\000u\000l\000e\000\040\000B\000\341\000o\000\040\000c\000\341\000o\000\040\000\046\000\040\000P\000h\000\342\000n\000\040\000t\000\355\000c\000h}{section.1.3}% 20
\BOOKMARK [1][-]{section.1.4}{\376\377\000B\000i\036\303\000u\000\040\000m\036\253\000u\000\040\000v\000\340\000\040\000Q\000u\000y\000\040\001\021\036\313\000n\000h}{chapter.1}% 21
\BOOKMARK [2][-]{subsection.1.4.1}{\376\377\000Q\000u\036\243\000n\000\040\000l\000\375\000\040\000H\036\307\000\040\000t\000h\036\321\000n\000g\000\040\000v\000\340\000\040\000P\000h\000\342\000n\000\040\000q\000u\000y\036\301\000n}{section.1.4}% 22
\BOOKMARK [2][-]{subsection.1.4.2}{\376\377\000N\000g\000h\000i\036\307\000p\000\040\000v\036\345\000\040\000N\000h\036\255\000p\000\040\000k\000h\000o}{section.1.4}% 23
\BOOKMARK [2][-]{subsection.1.4.3}{\376\377\000N\000g\000h\000i\036\307\000p\000\040\000V\036\345\000\040\000X\000u\036\245\000t\000\040\000K\000h\000o}{section.1.4}% 24
\BOOKMARK [2][-]{subsection.1.4.4}{\376\377\000N\000g\000h\000i\036\307\000p\000\040\000v\036\345\000\040\000L\000u\000\342\000n\000\040\000c\000h\000u\000y\036\303\000n\000\040\000K\000h\000o\000\040\000N\036\331\000i\000\040\000b\036\331}{section.1.4}% 25
\BOOKMARK [2][-]{subsection.1.4.5}{\376\377\000N\000g\000h\000i\036\307\000p\000\040\000v\036\345\000\040\000K\000i\036\303\000m\000\040\000k\000\352\000\040\000K\000h\000o}{section.1.4}% 26
\BOOKMARK [2][-]{subsection.1.4.6}{\376\377\000N\000g\000h\000i\036\307\000p\000\040\000v\036\345\000\040\000Q\000u\036\243\000n\000\040\000l\000\375\000\040\000V\036\313\000\040\000t\000r\000\355\000\040\000\046\000\040\000L\001\260\000u\000\040\000k\000h\000o}{section.1.4}% 27
\BOOKMARK [2][-]{subsection.1.4.7}{\376\377\000N\000g\000h\000i\036\307\000p\000\040\000v\036\345\000\040\000B\000\341\000o\000\040\000c\000\341\000o\000\040\000\046\000\040\000P\000h\000\342\000n\000\040\000t\000\355\000c\000h}{section.1.4}% 28
\BOOKMARK [2][-]{subsection.1.4.8}{\376\377\000N\000g\000h\000i\036\307\000p\000\040\000v\036\345\000\040\001\020\036\243\000m\000\040\000b\036\243\000o\000\040\000A\000n\000\040\000t\000o\000\340\000n\000\040\000K\000h\000o}{section.1.4}% 29
